 ## Z-score and covariance.  binsize:     0.001000
    0.050   114.206932     0.749717     0.749717      4061824     0.053148 
    0.150    48.577981     0.390743     0.390743      3027796     0.040889 
    0.250    40.658429     0.331862     0.331862      3023888     0.039984 
    0.350    35.434465     0.291864     0.291864      2985966     0.039939 
    0.450    32.856755     0.272879     0.272879      2967638     0.039499 
    0.550    31.379715     0.261727     0.261727      2945389     0.039794 
    0.650    30.333385     0.254057     0.254057      2943470     0.039626 
    0.750    28.622645     0.240593     0.240593      2930718     0.039515 
    0.850    26.796052     0.225596     0.225596      2923851     0.039597 
    0.950    25.473568     0.216127     0.216127      2923833     0.039567 
    1.050    22.933027     0.191600     0.191600      2915300     0.039449 
    1.150    21.969320     0.183323     0.183323      2925183     0.039460 
    1.250    21.625138     0.182553     0.182553      2891725     0.039386 
    1.350    18.458210     0.157162     0.157162      2873646     0.039407 
    1.450    18.131287     0.154693     0.154693      2877384     0.039471 
    1.550    17.041059     0.145472     0.145472      2882661     0.039309 
    1.650    17.552245     0.149576     0.149576      2873836     0.039263 
    1.750    15.748426     0.134224     0.134224      2870007     0.039342 
    1.850    16.262682     0.138329     0.138329      2865135     0.039377 
    1.950    13.737285     0.118062     0.118062      2850414     0.039252 
    2.050    13.218177     0.112331     0.112331      2857615     0.039354 
    2.150    13.100872     0.112187     0.112187      2852417     0.039548 
    2.250    12.327946     0.104885     0.104885      2854783     0.039319 
    2.350    12.900941     0.110890     0.110890      2841549     0.039345 
    2.450    12.599261     0.108964     0.108964      2832041     0.039566 
    2.550    12.257100     0.105724     0.105724      2827780     0.039391 
    2.650    10.258275     0.088394     0.088394      2811183     0.039347 
    2.750     9.697648     0.083754     0.083754      2824284     0.039058 
    2.850     9.533937     0.082334     0.082334      2828122     0.039246 
    2.950     8.834964     0.076394     0.076394      2822833     0.039183 
    3.050     8.527889     0.073496     0.073496      2817809     0.039318 
    3.150     8.488036     0.072948     0.072948      2821404     0.039421 
    3.250     9.552167     0.082040     0.082040      2816701     0.039249 
    3.350    10.185272     0.087338     0.087338      2815437     0.039304 
    3.450     7.591684     0.064869     0.064869      2820368     0.039362 
    3.550     6.612809     0.057085     0.057085      2813943     0.039147 
    3.650     4.909901     0.042283     0.042283      2798991     0.039361 
    3.750     5.432465     0.046755     0.046755      2803206     0.039109 
    3.850     4.905606     0.042354     0.042354      2784500     0.039307 
    3.950     4.877739     0.042299     0.042299      2789017     0.039275 
    4.050     3.008884     0.026085     0.026085      2787267     0.039138 
    4.150     3.454739     0.030001     0.030001      2779599     0.039337 
    4.250     4.546161     0.039448     0.039448      2785483     0.039361 
    4.350     4.739285     0.041243     0.041243      2760727     0.039363 
    4.450     3.501183     0.030443     0.030443      2783848     0.039149 
    4.550     3.542300     0.030859     0.030859      2766526     0.039076 
    4.650     3.005781     0.026146     0.026146      2774409     0.039190 
    4.750     2.587256     0.022488     0.022488      2778422     0.039469 
    4.850     2.803812     0.024306     0.024306      2768607     0.039139 
    4.950     4.314819     0.037159     0.037159      2783238     0.039076 
    5.050     3.319791     0.028933     0.028933      2762356     0.039429 
    5.150     3.165711     0.027441     0.027441      2773478     0.039441 
    5.250     3.616175     0.031494     0.031494      2757940     0.039254 
    5.350     3.411490     0.029332     0.029332      2780932     0.039340 
    5.450     4.087258     0.035408     0.035408      2759180     0.039112 
    5.550     2.707227     0.023474     0.023474      2761498     0.039359 
    5.650     3.500892     0.030621     0.030621      2741598     0.039117 
    5.750     3.538268     0.031049     0.031049      2729841     0.039398 
    5.850     3.229867     0.028197     0.028197      2749114     0.039090 
    5.950     3.009772     0.026178     0.026178      2756663     0.039149 
    6.050     2.691676     0.023447     0.023447      2764055     0.039326 
    6.150     2.205219     0.019172     0.019172      2761327     0.039303 
    6.250     1.978156     0.017262     0.017262      2763091     0.039198 
    6.350     2.825573     0.024638     0.024638      2757448     0.039133 
    6.450     1.230321     0.010754     0.010754      2752785     0.039293 
    6.550     1.431785     0.012494     0.012494      2751079     0.039228 
    6.650    -0.290523    -0.002541    -0.002541      2737933     0.039145 
    6.750    -0.684695    -0.005962    -0.005962      2738276     0.039121 
    6.850     0.898036     0.007844     0.007844      2736799     0.039110 
    6.950     0.257263     0.002233     0.002233      2765065     0.039497 
    7.050     0.805970     0.006979     0.006979      2739245     0.039431 
    7.150     0.821013     0.007125     0.007125      2771413     0.039312 
    7.250     0.222347     0.001936     0.001936      2751494     0.039330 
    7.350    -0.456635    -0.003971    -0.003971      2754838     0.039162 
    7.450     0.739117     0.006411     0.006411      2759117     0.038943 
    7.550    -0.156334    -0.001363    -0.001363      2739909     0.039049 
    7.650     0.223768     0.001939     0.001939      2752770     0.038862 
    7.750    -0.404861    -0.003514    -0.003514      2744396     0.039082 
    7.850    -0.006022    -0.000053    -0.000053      2726085     0.039113 
    7.950     0.488211     0.004242     0.004242      2743011     0.039342 
    8.050     0.734256     0.006371     0.006371      2735310     0.039079 
    8.150    -0.010155    -0.000088    -0.000088      2746326     0.039182 
    8.250     0.746523     0.006489     0.006489      2743650     0.039174 
    8.350     0.357637     0.003102     0.003102      2754547     0.039111 
    8.450     0.436517     0.003797     0.003797      2747814     0.039214 
    8.550     0.782575     0.006833     0.006833      2728135     0.039089 
    8.650    -0.056780    -0.000496    -0.000496      2727758     0.039116 
    8.750     0.988290     0.008609     0.008609      2742098     0.038985 
    8.850     0.310225     0.002701     0.002701      2748645     0.039005 
    8.950     0.978195     0.008558     0.008558      2737322     0.039026 
    9.050    -0.099936    -0.000874    -0.000874      2726450     0.039251 
    9.150     0.924098     0.008073     0.008073      2714636     0.039254 
    9.250     0.307743     0.002678     0.002678      2729120     0.039345 
    9.350     0.615838     0.005400     0.005400      2721513     0.039307 
    9.450     0.806859     0.007105     0.007105      2713207     0.038956 
    9.550    -0.597864    -0.005237    -0.005237      2717544     0.038984 
    9.650     0.669829     0.005857     0.005857      2707420     0.038904 
    9.750    -0.237433    -0.002089    -0.002089      2696256     0.039306 
    9.850     0.233679     0.002048     0.002048      2713311     0.039427 
    9.950    -0.229242    -0.002007    -0.002007      2705146     0.039413 
   10.050     0.507556     0.004424     0.004424      2715963     0.039290 
   10.150    -1.121061    -0.009824    -0.009824      2717243     0.039108 
   10.250     0.583370     0.005135     0.005135      2718332     0.039186 
   10.350     0.583041     0.005156     0.005156      2698938     0.039272 
   10.450     1.499537     0.013244     0.013244      2697300     0.039102 
   10.550     1.230541     0.010867     0.010867      2709758     0.039268 
   10.650     0.651880     0.005743     0.005743      2693921     0.038946 
   10.750     0.939882     0.008249     0.008249      2703987     0.039065 
   10.850     0.228913     0.002011     0.002011      2699074     0.039184 
   10.950     0.813347     0.007148     0.007148      2684101     0.039104 
   11.050     0.788940     0.006933     0.006933      2684683     0.039122 
   11.150     0.820288     0.007222     0.007222      2684876     0.039084 
   11.250     0.700175     0.006163     0.006163      2699788     0.039431 
   11.350     0.927901     0.008142     0.008142      2708872     0.039104 
   11.450    -0.194725    -0.001714    -0.001714      2706887     0.039197 
   11.550    -0.809179    -0.007083    -0.007083      2712257     0.039219 
   11.650     0.374174     0.003287     0.003287      2678102     0.039343 
   11.750     0.934557     0.008271     0.008271      2656717     0.039452 
   11.850     0.008377     0.000074     0.000074      2685434     0.039390 
   11.950    -1.025379    -0.009082    -0.009082      2679944     0.039094 
   12.050    -0.541371    -0.004771    -0.004771      2672187     0.039367 
   12.150    -0.926602    -0.008184    -0.008184      2689548     0.039404 
   12.250    -0.941527    -0.008325    -0.008325      2673281     0.039128 
   12.350    -0.624645    -0.005519    -0.005519      2669190     0.039138 
   12.450    -1.246255    -0.010959    -0.010959      2692374     0.039436 
   12.550    -1.263323    -0.011094    -0.011094      2697493     0.039124 
   12.650     0.072668     0.000641     0.000641      2668926     0.039053 
   12.750    -1.205831    -0.010665    -0.010665      2669629     0.039203 
   12.850     0.149697     0.001313     0.001313      2679547     0.039402 
   12.950    -0.086591    -0.000766    -0.000766      2660083     0.039248 
   13.050    -0.455199    -0.004022    -0.004022      2657210     0.039201 
   13.150     0.093838     0.000830     0.000830      2653575     0.039214 
   13.250    -0.493593    -0.004343    -0.004343      2667568     0.039384 
   13.350    -1.397360    -0.012384    -0.012384      2649609     0.039404 
   13.450    -0.834044    -0.007404    -0.007404      2644345     0.039163 
   13.550    -0.145100    -0.001276    -0.001276      2664891     0.039133 
   13.650     0.013696     0.000121     0.000121      2654181     0.039193 
   13.750     0.572695     0.005063     0.005063      2659030     0.039014 
   13.850    -0.163299    -0.001446    -0.001446      2632352     0.039358 
   13.950    -0.899997    -0.007985    -0.007985      2663987     0.039025 
   14.050    -0.880150    -0.007810    -0.007810      2652404     0.039104 
   14.150    -1.959145    -0.017357    -0.017357      2647383     0.039319 
   14.250    -1.344330    -0.011922    -0.011922      2642563     0.039102 
   14.350    -0.738209    -0.006554    -0.006554      2641942     0.039087 
   14.450    -0.292465    -0.002594    -0.002594      2647064     0.039032 
   14.550     0.429719     0.003794     0.003794      2639956     0.039171 
   14.650    -0.426430    -0.003790    -0.003790      2625210     0.039235 
   14.750    -0.851187    -0.007569    -0.007569      2637588     0.039118 
   14.850    -0.391855    -0.003460    -0.003460      2645011     0.039034 
   14.950     0.086256     0.000769     0.000769      2623959     0.039182 
   15.050    -0.221781    -0.001958    -0.001958      2644540     0.039038 
   15.150    -1.693014    -0.014946    -0.014946      2636416     0.039032 
   15.250    -0.134034    -0.001188    -0.001188      2637143     0.039089 
   15.350     0.021087     0.000187     0.000187      2643836     0.038999 
   15.450    -0.686197    -0.006064    -0.006064      2650015     0.038878 
   15.550    -0.397309    -0.003519    -0.003519      2640266     0.039120 
   15.650    -1.719610    -0.015288    -0.015288      2605989     0.039140 
   15.750    -1.205899    -0.010691    -0.010691      2621817     0.039254 
   15.850    -1.925805    -0.017126    -0.017126      2625116     0.039160 
   15.950    -3.240730    -0.028807    -0.028807      2612537     0.039441 
   16.050    -1.076936    -0.009625    -0.009625      2633574     0.039180 
   16.150    -2.316384    -0.020624    -0.020624      2623840     0.039240 
   16.250    -1.254029    -0.011239    -0.011239      2617013     0.039141 
   16.350    -1.286992    -0.011458    -0.011458      2631546     0.039193 
   16.450    -0.548053    -0.004872    -0.004872      2624429     0.038936 
   16.550    -0.373622    -0.003322    -0.003322      2623860     0.039581 
   16.650    -0.105380    -0.000940    -0.000940      2604474     0.039301 
   16.750     0.467190     0.004151     0.004151      2617648     0.039446 
   16.850    -0.706490    -0.006307    -0.006307      2607941     0.039249 
   16.950    -0.092106    -0.000818    -0.000818      2614802     0.039323 
   17.050    -0.101063    -0.000897    -0.000897      2636179     0.039304 
   17.150     0.402338     0.003583     0.003583      2620206     0.039179 
   17.250     1.370600     0.012221     0.012221      2612356     0.039086 
   17.350    -0.199982    -0.001781    -0.001781      2618046     0.039105 
   17.450    -1.250045    -0.011179    -0.011179      2604513     0.039246 
   17.550     0.261087     0.002341     0.002341      2597886     0.039105 
   17.650     0.534075     0.004761     0.004761      2614481     0.039300 
   17.750    -1.132894    -0.010073    -0.010073      2618511     0.039250 
   17.850     0.320000     0.002850     0.002850      2609753     0.039058 
   17.950    -0.106747    -0.000955    -0.000955      2608830     0.039210 
   18.050    -0.155988    -0.001395    -0.001395      2607073     0.039276 
   18.150    -0.187400    -0.001666    -0.001666      2615701     0.039039 
   18.250     0.211109     0.001883     0.001883      2612823     0.039258 
   18.350     0.788529     0.007049     0.007049      2607631     0.039150 
   18.450    -0.663541    -0.005939    -0.005939      2606129     0.039353 
   18.550     0.323087     0.002894     0.002894      2591851     0.039255 
   18.650    -0.146416    -0.001310    -0.001310      2587229     0.039391 
   18.750    -0.000658    -0.000006    -0.000006      2610072     0.039292 
   18.850     1.417131     0.012646     0.012646      2606431     0.038921 
   18.950     0.889159     0.007941     0.007941      2599368     0.039079 
   19.050     0.099361     0.000889     0.000889      2584524     0.039253 
   19.150    -0.944605    -0.008485    -0.008485      2584601     0.039265 
   19.250    -2.127470    -0.019027    -0.019027      2576205     0.039295 
   19.350    -1.132441    -0.010115    -0.010115      2607627     0.039030 
   19.450    -1.194230    -0.010678    -0.010678      2597065     0.039362 
   19.550    -0.656889    -0.005903    -0.005903      2569685     0.039116 
   19.650     0.675251     0.006067     0.006067      2586990     0.039165 
   19.750    -1.370367    -0.012189    -0.012189      2601165     0.039207 
   19.850    -1.177655    -0.010519    -0.010519      2590346     0.039315 
   19.950    -1.409262    -0.012582    -0.012582      2576424     0.039090 
   20.050     0.251721     0.002268     0.002268      2566520     0.039187 
   20.150    -0.638409    -0.005763    -0.005763      2558404     0.039244 
   20.250    -1.419693    -0.012692    -0.012692      2591358     0.039342 
   20.350    -0.475676    -0.004257    -0.004257      2586267     0.039235 
   20.450     0.914384     0.008153     0.008153      2593412     0.039139 
   20.550    -0.011986    -0.000106    -0.000106      2586044     0.038999 
   20.650    -0.196369    -0.001759    -0.001759      2581441     0.039290 
   20.750    -0.408910    -0.003669    -0.003669      2565812     0.039246 
   20.850    -0.019631    -0.000176    -0.000176      2580881     0.039307 
   20.950     0.038123     0.000342     0.000342      2590065     0.039290 
   21.050    -0.835554    -0.007485    -0.007485      2563364     0.039163 
   21.150    -0.641617    -0.005747    -0.005747      2571663     0.039348 
   21.250     0.438103     0.003931     0.003931      2554973     0.039213 
   21.350     0.022979     0.000206     0.000206      2569920     0.038842 
   21.450    -0.168324    -0.001511    -0.001511      2572945     0.039062 
   21.550     0.905825     0.008094     0.008094      2572139     0.038978 
   21.650     0.371128     0.003320     0.003320      2580892     0.039298 
   21.750    -0.728447    -0.006539    -0.006539      2581611     0.039313 
   21.850     0.147127     0.001319     0.001319      2571345     0.039352 
   21.950    -0.365493    -0.003295    -0.003295      2551136     0.039233 
   22.050     0.305073     0.002751     0.002751      2538100     0.039519 
   22.150     0.599547     0.005426     0.005426      2535421     0.039384 
   22.250     0.779055     0.007018     0.007018      2553424     0.039050 
   22.350     0.942885     0.008533     0.008533      2549823     0.039116 
   22.450     0.095754     0.000859     0.000859      2562170     0.039325 
   22.550     0.374628     0.003369     0.003369      2559035     0.039233 
   22.650     0.735131     0.006627     0.006627      2560120     0.039254 
   22.750     0.346251     0.003118     0.003118      2546080     0.039303 
   22.850     0.353861     0.003190     0.003190      2522118     0.039222 
   22.950     0.043160     0.000390     0.000390      2540936     0.038993 
   23.050    -0.071584    -0.000643    -0.000643      2547477     0.039043 
   23.150     0.640410     0.005791     0.005791      2554207     0.039334 
   23.250     0.748173     0.006776     0.006776      2541261     0.039345 
   23.350    -0.097059    -0.000879    -0.000879      2542523     0.039264 
   23.450     0.105909     0.000960     0.000960      2542762     0.039151 
   23.550     0.672351     0.006082     0.006082      2540757     0.039151 
   23.650     0.035683     0.000322     0.000322      2535966     0.039359 
   23.750    -0.834380    -0.007504    -0.007504      2540842     0.039167 
   23.850     0.382612     0.003460     0.003460      2536946     0.039158 
   23.950     1.568828     0.014240     0.014240      2520533     0.039064 
   24.050     1.101945     0.009941     0.009941      2535199     0.039034 
   24.150    -0.455205    -0.004096    -0.004096      2530269     0.039166 
   24.250     1.309281     0.011839     0.011839      2525424     0.039339 
   24.350     1.041971     0.009372     0.009372      2538617     0.039199 
   24.450     0.334069     0.003018     0.003018      2536745     0.039231 
   24.550     0.687444     0.006236     0.006236      2535245     0.039213 
   24.650    -0.456079    -0.004126    -0.004126      2543782     0.039184 
   24.750     0.290846     0.002620     0.002620      2523011     0.039137 
   24.850    -0.231320    -0.002078    -0.002078      2524961     0.039008 
   24.950     0.508130     0.004570     0.004570      2517003     0.039015 
   25.050     0.627740     0.005685     0.005685      2524140     0.039212 
   25.150     0.119303     0.001083     0.001083      2518895     0.039413 
   25.250     0.141422     0.001281     0.001281      2537956     0.039295 
   25.350    -1.195845    -0.010805    -0.010805      2538357     0.039070 
   25.450    -1.076316    -0.009767    -0.009767      2521322     0.039141 
   25.550    -1.673265    -0.015184    -0.015184      2513745     0.038990 
   25.650    -1.464648    -0.013275    -0.013275      2501992     0.039372 
   25.750    -0.518247    -0.004754    -0.004754      2500473     0.039221 
   25.850     0.013252     0.000121     0.000121      2496436     0.039505 
   25.950    -0.709654    -0.006434    -0.006434      2505406     0.039170 
   26.050    -0.116424    -0.001053    -0.001053      2492494     0.039449 
   26.150    -0.693383    -0.006278    -0.006278      2503064     0.039198 
   26.250    -1.450611    -0.013167    -0.013167      2490811     0.039312 
   26.350    -2.150501    -0.019407    -0.019407      2495785     0.039385 
   26.450    -0.490769    -0.004454    -0.004454      2494990     0.039447 
   26.550     0.262909     0.002385     0.002385      2476508     0.039294 
   26.650    -0.492908    -0.004523    -0.004523      2483848     0.039318 
   26.750     0.264929     0.002410     0.002410      2473017     0.039238 
   26.850     0.823520     0.007519     0.007519      2477941     0.039245 
   26.950     1.026281     0.009345     0.009345      2476943     0.039494 
   27.050     0.775570     0.007122     0.007122      2454964     0.039202 
   27.150     0.471149     0.004303     0.004303      2473030     0.039189 
   27.250     1.631994     0.015129     0.015129      2446156     0.039507 
   27.350     0.291746     0.002683     0.002683      2475531     0.039211 
   27.450     0.124762     0.001144     0.001144      2457233     0.039383 
   27.550    -0.622545    -0.005715    -0.005715      2456476     0.039313 
   27.650     0.528176     0.004845     0.004845      2467932     0.039105 
   27.750     1.844722     0.016892     0.016892      2472391     0.039069 
   27.850     0.861381     0.007890     0.007890      2474082     0.039339 
   27.950     1.508365     0.013732     0.013732      2470956     0.039361 
   28.050     0.649141     0.005995     0.005995      2458332     0.039491 
   28.150    -0.115894    -0.001063    -0.001063      2464025     0.039530 
   28.250     0.589198     0.005426     0.005426      2465225     0.039277 
   28.350    -0.298593    -0.002741    -0.002741      2447668     0.039059 
   28.450     0.885369     0.008157     0.008157      2432361     0.039337 
   28.550     1.318931     0.012169     0.012169      2443236     0.039212 
   28.650     1.314656     0.012127     0.012127      2438874     0.039076 
   28.750     0.849079     0.007775     0.007775      2473771     0.039029 
   28.850     1.360555     0.012491     0.012491      2464491     0.038955 
   28.950     0.021501     0.000197     0.000197      2460649     0.039174 
   29.050    -0.910049    -0.008429    -0.008429      2447058     0.039285 
   29.150     0.264032     0.002427     0.002427      2445777     0.039196 
   29.250     0.855063     0.007858     0.007858      2443541     0.039041 
   29.350     0.586331     0.005407     0.005407      2455817     0.039333 
   29.450     0.291647     0.002690     0.002690      2434729     0.039274 
   29.550     0.694640     0.006406     0.006406      2441290     0.039282 
   29.650    -0.834098    -0.007688    -0.007688      2424465     0.039084 
   29.750    -0.769011    -0.007084    -0.007084      2403648     0.039192 
   29.850     0.588270     0.005441     0.005441      2418336     0.039257 
   29.950     1.374192     0.012641     0.012641      2422841     0.039008 
   30.050    -0.370288    -0.003434    -0.003434      2415897     0.039084 
   30.150     0.069272     0.000639     0.000639      2435522     0.039133 
   30.250     0.948134     0.008707     0.008707      2451351     0.039236 
   30.350    -1.583167    -0.014623    -0.014623      2426209     0.039235 
   30.450    -0.860884    -0.007953    -0.007953      2420831     0.039288 
   30.550    -0.596942    -0.005522    -0.005522      2429058     0.039177 
   30.650    -0.790061    -0.007339    -0.007339      2426832     0.039145 
   30.750     1.471336     0.013670     0.013670      2423651     0.039144 
   30.850     1.082098     0.010044     0.010044      2411065     0.039152 
   30.950     1.221569     0.011358     0.011358      2414631     0.039312 
   31.050     0.506114     0.004680     0.004680      2410382     0.039324 
   31.150     1.167046     0.010760     0.010760      2426899     0.039057 
   31.250    -0.406383    -0.003758    -0.003758      2413367     0.039102 
   31.350     1.035584     0.009666     0.009666      2411509     0.039276 
   31.450    -1.301333    -0.012061    -0.012061      2387660     0.039240 
   31.550     0.648038     0.006038     0.006038      2391161     0.039420 
   31.650     0.715228     0.006636     0.006636      2399632     0.039191 
   31.750    -0.489440    -0.004542    -0.004542      2385403     0.039135 
   31.850     1.003979     0.009295     0.009295      2398408     0.039055 
   31.950     0.758556     0.006996     0.006996      2405970     0.039205 
   32.050     0.849841     0.007839     0.007839      2423308     0.038915 
   32.150     0.879328     0.008239     0.008239      2390797     0.039172 
   32.250     1.160026     0.010805     0.010805      2406189     0.039207 
   32.350     1.482916     0.013772     0.013772      2407492     0.039099 
   32.450     1.097750     0.010210     0.010210      2410854     0.039210 
   32.550     0.514444     0.004821     0.004821      2389028     0.039190 
   32.650     0.171388     0.001606     0.001606      2389261     0.039001 
   32.750    -0.396953    -0.003709    -0.003709      2402557     0.039179 
   32.850     0.610216     0.005694     0.005694      2386286     0.039171 
   32.950     0.423477     0.003963     0.003963      2393320     0.039265 
   33.050     0.172899     0.001626     0.001626      2372605     0.039224 
   33.150    -0.564371    -0.005305    -0.005305      2375886     0.039275 
   33.250    -0.946483    -0.008902    -0.008902      2361418     0.039444 
   33.350     0.608294     0.005742     0.005742      2355941     0.039017 
   33.450     0.873826     0.008136     0.008136      2368057     0.039552 
   33.550     1.234910     0.011476     0.011476      2374240     0.039432 
   33.650     0.179741     0.001679     0.001679      2378750     0.039335 
   33.750     0.584364     0.005474     0.005474      2371485     0.039323 
   33.850     0.493216     0.004619     0.004619      2369833     0.039229 
   33.950     0.914748     0.008563     0.008563      2365097     0.039250 
   34.050     1.186979     0.011190     0.011190      2350825     0.039445 
   34.150    -1.141495    -0.010814    -0.010814      2353326     0.039279 
   34.250    -0.607717    -0.005723    -0.005723      2361530     0.039243 
   34.350     0.505245     0.004731     0.004731      2369805     0.039069 
   34.450     0.229646     0.002168     0.002168      2348666     0.039372 
   34.550     0.995862     0.009437     0.009437      2334026     0.039264 
   34.650    -0.278846    -0.002627    -0.002627      2346537     0.039101 
   34.750    -0.991817    -0.009302    -0.009302      2353265     0.039248 
   34.850    -0.332730    -0.003106    -0.003106      2345671     0.039257 
   34.950    -0.220200    -0.002075    -0.002075      2335906     0.039138 
   35.050     0.258672     0.002449     0.002449      2334212     0.039265 
   35.150    -0.386863    -0.003639    -0.003639      2324563     0.039092 
   35.250    -0.526218    -0.004945    -0.004945      2325613     0.039496 
   35.350     0.175282     0.001650     0.001650      2329190     0.039418 
   35.450     2.288524     0.021594     0.021594      2332673     0.039188 
   35.550    -0.876863    -0.008292    -0.008292      2330322     0.039098 
   35.650    -0.491870    -0.004679    -0.004679      2307086     0.039157 
   35.750     0.164786     0.001561     0.001561      2305331     0.039405 
   35.850     0.063382     0.000601     0.000601      2318140     0.039181 
   35.950     1.254914     0.011819     0.011819      2337524     0.039131 
   36.050     0.330941     0.003130     0.003130      2309742     0.039378 
   36.150    -0.027322    -0.000258    -0.000258      2315541     0.039261 
   36.250    -0.321382    -0.003050    -0.003050      2317639     0.039302 
   36.350    -0.070889    -0.000673    -0.000673      2314470     0.039035 
   36.450     1.375511     0.013102     0.013102      2304171     0.039203 
   36.550     1.143483     0.010891     0.010891      2290572     0.039292 
   36.650     0.586291     0.005593     0.005593      2291610     0.039415 
   36.750     0.612382     0.005834     0.005834      2309527     0.039215 
   36.850    -0.012079    -0.000116    -0.000116      2301800     0.039324 
   36.950    -0.545381    -0.005170    -0.005170      2304109     0.039070 
   37.050     0.012159     0.000116     0.000116      2300234     0.039394 
   37.150     0.898210     0.008601     0.008601      2281102     0.039388 
   37.250     0.920813     0.008761     0.008761      2287051     0.039486 
   37.350    -0.348742    -0.003321    -0.003321      2297203     0.039338 
   37.450     0.360505     0.003434     0.003434      2281651     0.039199 
   37.550     1.146648     0.010962     0.010962      2272634     0.039079 
   37.650    -0.267987    -0.002556    -0.002556      2300003     0.039221 
   37.750    -0.494688    -0.004732    -0.004732      2291457     0.039322 
   37.850    -0.007690    -0.000073    -0.000073      2310445     0.039258 
   37.950     0.665023     0.006373     0.006373      2288304     0.038987 
   38.050    -0.123544    -0.001179    -0.001179      2292115     0.039290 
   38.150     0.159386     0.001511     0.001511      2307586     0.039303 
   38.250     0.111597     0.001059     0.001059      2286862     0.039263 
   38.350    -0.659198    -0.006276    -0.006276      2278715     0.038987 
   38.450     1.314302     0.012499     0.012499      2283670     0.039216 
   38.550    -0.664092    -0.006337    -0.006337      2280065     0.039049 
   38.650     0.847391     0.008082     0.008082      2288320     0.039101 
   38.750     0.780956     0.007435     0.007435      2289870     0.039290 
   38.850     0.873619     0.008321     0.008321      2296333     0.039088 
   38.950    -0.305675    -0.002931    -0.002931      2290156     0.039100 
   39.050    -0.483467    -0.004660    -0.004660      2263513     0.039065 
   39.150     0.311091     0.002983     0.002983      2273605     0.039192 
   39.250     0.162425     0.001562     0.001562      2278236     0.039309 
   39.350     1.439440     0.013808     0.013808      2277777     0.038934 
   39.450     1.594112     0.015276     0.015276      2272038     0.039169 
   39.550    -0.791746    -0.007616    -0.007616      2269690     0.039057 
   39.650    -0.613728    -0.005876    -0.005876      2273501     0.039194 
   39.750    -0.225320    -0.002155    -0.002155      2259091     0.039076 
   39.850     0.604681     0.005780     0.005780      2255252     0.038994 
   39.950    -0.749619    -0.007258    -0.007258      2242171     0.039335 
   40.050    -1.231743    -0.011881    -0.011881      2242557     0.039138 
   40.150    -0.599278    -0.005787    -0.005787      2243229     0.039076 
   40.250     0.687380     0.006607     0.006607      2253724     0.039243 
   40.350    -0.476909    -0.004588    -0.004588      2262505     0.039169 
   40.450     0.550161     0.005320     0.005320      2247440     0.039120 
   40.550     0.648821     0.006236     0.006236      2241066     0.039175 
   40.650    -0.294226    -0.002846    -0.002846      2228171     0.038906 
   40.750    -0.797443    -0.007661    -0.007661      2255145     0.039070 
   40.850     0.585401     0.005696     0.005696      2221236     0.038962 
   40.950     0.925045     0.008939     0.008939      2213816     0.039325 
   41.050     0.679498     0.006620     0.006620      2215789     0.039233 
   41.150     1.555931     0.015087     0.015087      2234812     0.039176 
   41.250     0.369665     0.003597     0.003597      2230729     0.039176 
   41.350     1.708829     0.016583     0.016583      2235159     0.039080 
   41.450     0.164940     0.001589     0.001589      2235048     0.039042 
   41.550     0.865242     0.008339     0.008339      2218623     0.039078 
   41.650     0.968466     0.009309     0.009309      2227377     0.039319 
   41.750     0.093753     0.000904     0.000904      2224760     0.039262 
   41.850    -0.668528    -0.006499    -0.006499      2214454     0.039328 
   41.950    -1.082354    -0.010530    -0.010530      2195438     0.039147 
   42.050     0.427898     0.004138     0.004138      2210501     0.039147 
   42.150    -0.791595    -0.007760    -0.007760      2173088     0.039400 
   42.250    -0.889906    -0.008763    -0.008763      2179099     0.039269 
   42.350    -0.265804    -0.002597    -0.002597      2188403     0.039103 
   42.450    -0.162477    -0.001589    -0.001589      2205742     0.039244 
   42.550    -1.087827    -0.010700    -0.010700      2186128     0.039257 
   42.650    -1.266060    -0.012360    -0.012360      2186740     0.039067 
   42.750     0.386457     0.003757     0.003757      2192306     0.039237 
   42.850     0.135696     0.001328     0.001328      2186696     0.039257 
   42.950    -0.536128    -0.005228    -0.005228      2192180     0.038879 
   43.050    -0.465646    -0.004516    -0.004516      2180463     0.039412 
   43.150    -0.882951    -0.008565    -0.008565      2169628     0.039336 
   43.250    -1.064537    -0.010488    -0.010488      2168457     0.039275 
   43.350    -1.390118    -0.013582    -0.013582      2164178     0.039428 
   43.450     0.055324     0.000540     0.000540      2163926     0.039007 
   43.550    -0.620989    -0.006080    -0.006080      2166994     0.039431 
   43.650    -1.093697    -0.010696    -0.010696      2163082     0.039358 
   43.750     0.962424     0.009457     0.009457      2158856     0.039217 
   43.850     0.726786     0.007163     0.007163      2154623     0.039222 
   43.950     0.606969     0.006005     0.006005      2156364     0.039104 
   44.050    -0.844271    -0.008282    -0.008282      2149280     0.039350 
   44.150     0.698207     0.006830     0.006830      2131999     0.039253 
   44.250    -0.427475    -0.004164    -0.004164      2162599     0.039057 
   44.350     0.508964     0.004992     0.004992      2161368     0.039231 
   44.450     0.321469     0.003181     0.003181      2128988     0.038920 
   44.550    -0.929769    -0.009145    -0.009145      2125421     0.039124 
   44.650     0.879893     0.008712     0.008712      2112411     0.039348 
   44.750     1.127432     0.011125     0.011125      2132375     0.039235 
   44.850     0.778850     0.007695     0.007695      2131397     0.039265 
   44.950    -0.108375    -0.001071    -0.001071      2125080     0.039161 
   45.050     1.012004     0.009963     0.009963      2141659     0.039233 
   45.150     0.315528     0.003087     0.003087      2133410     0.039246 
   45.250     0.704450     0.006913     0.006913      2125176     0.039417 
   45.350     0.080106     0.000792     0.000792      2120066     0.039346 
   45.450     1.164100     0.011402     0.011402      2136925     0.039211 
   45.550    -1.014261    -0.010042    -0.010042      2113286     0.039134 
   45.650    -0.499703    -0.004922    -0.004922      2108355     0.039114 
   45.750    -0.953366    -0.009505    -0.009505      2099640     0.039184 
   45.850    -0.106320    -0.001059    -0.001059      2122320     0.039241 
   45.950     0.903045     0.009003     0.009003      2107765     0.039185 
   46.050     0.023803     0.000237     0.000237      2115887     0.039525 
   46.150     0.245314     0.002435     0.002435      2106720     0.039230 
   46.250    -0.667653    -0.006619    -0.006619      2104100     0.039101 
   46.350    -1.465267    -0.014447    -0.014447      2108002     0.039098 
   46.450     0.016907     0.000167     0.000167      2103163     0.039259 
   46.550     0.883233     0.008785     0.008785      2093810     0.039081 
   46.650    -0.418230    -0.004167    -0.004167      2107432     0.039261 
   46.750    -0.269027    -0.002663    -0.002663      2109068     0.039390 
   46.850     0.790884     0.007912     0.007912      2093949     0.039305 
   46.950     0.082384     0.000823     0.000823      2079375     0.039329 
   47.050     1.023400     0.010214     0.010214      2098908     0.039168 
   47.150     0.908657     0.009115     0.009115      2078998     0.039574 
   47.250     0.355931     0.003574     0.003574      2059711     0.039309 
   47.350     1.428761     0.014325     0.014325      2075334     0.039178 
   47.450     0.038504     0.000380     0.000380      2088217     0.039198 
   47.550    -0.502275    -0.004982    -0.004982      2080116     0.039254 
   47.650    -0.004717    -0.000047    -0.000047      2073507     0.038981 
   47.750    -1.248200    -0.012440    -0.012440      2081059     0.039070 
   47.850    -0.555110    -0.005578    -0.005578      2046143     0.038973 
   47.950    -2.371256    -0.023798    -0.023798      2062053     0.039295 
   48.050    -2.096078    -0.020928    -0.020928      2070769     0.039502 
   48.150    -2.710968    -0.027497    -0.027497      2052428     0.039449 
   48.250    -2.734126    -0.027471    -0.027471      2061034     0.039247 
   48.350    -1.160063    -0.011643    -0.011643      2053364     0.039384 
   48.450    -2.812480    -0.028114    -0.028114      2048302     0.039393 
   48.550    -2.445919    -0.024439    -0.024439      2056102     0.039465 
   48.650    -2.685376    -0.026876    -0.026876      2045050     0.039032 
   48.750    -0.498712    -0.005006    -0.005006      2033442     0.038994 
   48.850    -1.474423    -0.014823    -0.014823      2046837     0.039136 
   48.950    -0.407281    -0.004103    -0.004103      2059817     0.039115 
   49.050    -0.276808    -0.002785    -0.002785      2033199     0.039254 
   49.150    -0.608996    -0.006119    -0.006119      2042275     0.039246 
   49.250    -1.314835    -0.013260    -0.013260      2033995     0.039223 
   49.350    -2.364616    -0.023940    -0.023940      2035413     0.039300 
   49.450    -1.283789    -0.012977    -0.012977      2040107     0.039246 
   49.550     0.468552     0.004711     0.004711      2055725     0.039268 
   49.650    -0.787763    -0.007891    -0.007891      2063743     0.039162 
   49.750    -1.320898    -0.013308    -0.013308      2035259     0.039281 
   49.850    -0.502874    -0.005088    -0.005088      2033545     0.039396 
   49.950     0.816956     0.008279     0.008279      2019110     0.039223 
   50.050    -1.056710    -0.010759    -0.010759      2000024     0.039251 
   50.150     0.543551     0.005486     0.005486      2001036     0.039450 
   50.250    -1.094081    -0.011078    -0.011078      2009325     0.039410 
   50.350    -1.107160    -0.011388    -0.011388      1975675     0.039403 
   50.450    -0.140824    -0.001443    -0.001443      2013302     0.039286 
   50.550    -1.172166    -0.011935    -0.011935      2020745     0.039410 
   50.650    -1.135881    -0.011537    -0.011537      2020119     0.039491 
   50.750    -0.402608    -0.004070    -0.004070      2009985     0.039525 
   50.850    -0.790789    -0.008091    -0.008091      1992682     0.039341 
   50.950     0.352536     0.003565     0.003565      1989067     0.039501 
   51.050     0.009807     0.000100     0.000100      1974425     0.039204 
   51.150    -2.248368    -0.022879    -0.022879      1988490     0.039111 
   51.250    -2.320002    -0.023594    -0.023594      1995227     0.038999 
   51.350    -1.577564    -0.016150    -0.016150      1984204     0.039026 
   51.450    -2.372757    -0.024238    -0.024238      1996375     0.039285 
   51.550    -0.558687    -0.005719    -0.005719      1986120     0.039378 
   51.650    -0.248151    -0.002548    -0.002548      1982848     0.039168 
   51.750    -0.453708    -0.004622    -0.004622      1994388     0.039336 
   51.850    -0.492999    -0.005068    -0.005068      1980311     0.039402 
   51.950    -2.031644    -0.020939    -0.020939      1971084     0.039404 
   52.050    -1.367455    -0.014058    -0.014058      1968486     0.039312 
   52.150    -0.258778    -0.002667    -0.002667      1963957     0.039169 
   52.250    -0.186692    -0.001903    -0.001903      1963172     0.039232 
   52.350    -2.351403    -0.024184    -0.024184      1949842     0.039722 
   52.450    -1.719059    -0.017572    -0.017572      1960693     0.039557 
   52.550    -1.383565    -0.014230    -0.014230      1955103     0.039258 
   52.650    -1.066531    -0.010867    -0.010867      1965719     0.039211 
   52.750    -1.600375    -0.016528    -0.016528      1957767     0.039393 
   52.850    -1.167421    -0.012033    -0.012033      1944245     0.039281 
   52.950    -0.975488    -0.010055    -0.010055      1944133     0.039098 
   53.050     0.113973     0.001164     0.001164      1957769     0.039458 
   53.150    -0.346827    -0.003567    -0.003567      1959778     0.039156 
   53.250    -0.120720    -0.001236    -0.001236      1949946     0.039388 
   53.350    -1.384404    -0.014248    -0.014248      1946495     0.039045 
   53.450    -1.144515    -0.011828    -0.011828      1955260     0.039041 
   53.550    -0.134944    -0.001395    -0.001395      1935978     0.039290 
   53.650    -0.371553    -0.003827    -0.003827      1942857     0.039242 
   53.750    -0.601250    -0.006257    -0.006257      1933273     0.039352 
   53.850    -0.694577    -0.007164    -0.007164      1950314     0.039170 
   53.950    -0.976302    -0.010149    -0.010149      1921121     0.039236 
   54.050    -0.874487    -0.009024    -0.009024      1926967     0.039328 
   54.150    -0.889703    -0.009163    -0.009163      1923045     0.039291 
   54.250    -1.693708    -0.017536    -0.017536      1905976     0.039025 
   54.350    -0.707754    -0.007397    -0.007397      1912411     0.039009 
   54.450    -0.986064    -0.010265    -0.010265      1908854     0.039424 
   54.550    -1.068052    -0.011158    -0.011158      1905701     0.039281 
   54.650     0.490228     0.005123     0.005123      1920691     0.039328 
   54.750    -0.585084    -0.006080    -0.006080      1926110     0.039552 
   54.850    -0.252265    -0.002645    -0.002645      1910083     0.039410 
   54.950    -0.514381    -0.005395    -0.005395      1904945     0.039393 
   55.050    -0.256509    -0.002679    -0.002679      1902912     0.039375 
   55.150    -1.165013    -0.012234    -0.012234      1906268     0.039426 
   55.250    -1.104776    -0.011584    -0.011584      1922314     0.039249 
   55.350     0.321747     0.003391     0.003391      1904598     0.039215 
   55.450    -0.118832    -0.001246    -0.001246      1905878     0.039135 
   55.550    -0.928894    -0.009715    -0.009715      1909348     0.039445 
   55.650    -0.823237    -0.008611    -0.008611      1905239     0.039258 
   55.750    -0.892324    -0.009428    -0.009428      1886347     0.039412 
   55.850     0.094731     0.001000     0.001000      1882250     0.039385 
   55.950     0.407868     0.004267     0.004267      1902296     0.039517 
   56.050    -0.505765    -0.005321    -0.005321      1880722     0.039464 
   56.150     0.201987     0.002122     0.002122      1876453     0.039297 
   56.250    -0.807266    -0.008447    -0.008447      1878431     0.039657 
   56.350    -0.405645    -0.004257    -0.004257      1880815     0.039440 
   56.450     0.247291     0.002586     0.002586      1898786     0.039251 
   56.550    -0.985688    -0.010315    -0.010315      1894862     0.039430 
   56.650    -0.993621    -0.010369    -0.010369      1890580     0.039418 
   56.750    -0.525657    -0.005494    -0.005494      1883340     0.039693 
   56.850    -0.333329    -0.003493    -0.003493      1881124     0.039425 
   56.950     0.837561     0.008899     0.008899      1866675     0.039365 
   57.050     1.012127     0.010713     0.010713      1861127     0.039297 
   57.150    -0.371719    -0.003946    -0.003946      1865646     0.039220 
   57.250    -0.190626    -0.002007    -0.002007      1869072     0.039233 
   57.350    -0.284243    -0.002987    -0.002987      1854517     0.039197 
   57.450    -1.215443    -0.012805    -0.012805      1858429     0.039339 
   57.550     0.681861     0.007207     0.007207      1847080     0.039032 
   57.650     1.233014     0.013010     0.013010      1863553     0.039134 
   57.750     0.880487     0.009373     0.009373      1855272     0.039173 
   57.850     0.763169     0.008095     0.008095      1840897     0.039234 
   57.950     1.876010     0.019904     0.019904      1855733     0.039568 
   58.050     0.930612     0.009914     0.009914      1851164     0.039475 
   58.150     0.372535     0.003938     0.003938      1847467     0.039158 
   58.250     0.477856     0.005068     0.005068      1840606     0.039353 
   58.350     0.152429     0.001620     0.001620      1843672     0.039181 
   58.450     0.369946     0.003912     0.003912      1845029     0.039205 
   58.550    -0.339827    -0.003617    -0.003617      1842236     0.039143 
   58.650    -0.521088    -0.005514    -0.005514      1848105     0.039304 
   58.750     0.205150     0.002170     0.002170      1846559     0.039372 
   58.850     1.413396     0.015157     0.015157      1818303     0.039379 
   58.950     0.012625     0.000134     0.000134      1823343     0.039162 
   59.050    -0.490140    -0.005236    -0.005236      1813050     0.039000 
   59.150    -0.082382    -0.000888    -0.000888      1803997     0.039098 
   59.250    -0.692136    -0.007433    -0.007433      1826573     0.039045 
   59.350    -0.451380    -0.004824    -0.004824      1825736     0.039039 
   59.450    -0.954386    -0.010164    -0.010164      1824200     0.039144 
   59.550    -0.270431    -0.002888    -0.002888      1822179     0.039030 
   59.650    -0.275342    -0.002944    -0.002944      1811934     0.039055 
   59.750    -0.757383    -0.008101    -0.008101      1823904     0.039217 
   59.850    -1.283723    -0.013755    -0.013755      1815797     0.039315 
   59.950    -0.416462    -0.004459    -0.004459      1812145     0.039308 
   60.050    -0.465474    -0.004987    -0.004987      1802980     0.038839 
   60.150    -0.574294    -0.006190    -0.006190      1816625     0.039030 
   60.250    -1.569795    -0.016857    -0.016857      1791613     0.039089 
   60.350    -2.022971    -0.021527    -0.021527      1799472     0.039477 
   60.450    -1.697934    -0.018150    -0.018150      1802631     0.039158 
   60.550     0.117067     0.001258     0.001258      1798799     0.038956 
   60.650     0.471060     0.005052     0.005052      1816810     0.039149 
   60.750     0.271746     0.002906     0.002906      1814723     0.039257 
   60.850    -1.039499    -0.011176    -0.011176      1802002     0.039460 
   60.950    -0.945584    -0.010161    -0.010161      1789661     0.039412 
   61.050    -0.654565    -0.007034    -0.007034      1779277     0.039718 
   61.150    -1.458235    -0.015844    -0.015844      1768004     0.039329 
   61.250    -0.861286    -0.009293    -0.009293      1773526     0.039328 
   61.350    -1.409830    -0.015150    -0.015150      1777531     0.038976 
   61.450     0.097983     0.001053     0.001053      1795230     0.039163 
   61.550    -0.519433    -0.005588    -0.005588      1776909     0.039131 
   61.650    -0.477796    -0.005190    -0.005190      1765086     0.039445 
   61.750    -0.724691    -0.007852    -0.007852      1760017     0.039243 
   61.850    -0.598856    -0.006529    -0.006529      1764846     0.039051 
   61.950    -1.658086    -0.017975    -0.017975      1761508     0.039140 
   62.050    -1.169803    -0.012732    -0.012732      1754009     0.039087 
   62.150    -0.971063    -0.010501    -0.010501      1769932     0.039166 
   62.250    -0.895174    -0.009639    -0.009639      1761617     0.039164 
   62.350    -0.958068    -0.010431    -0.010431      1750386     0.039505 
   62.450    -1.463404    -0.015994    -0.015994      1741480     0.039355 
   62.550    -1.093512    -0.011957    -0.011957      1737353     0.039273 
   62.650    -2.871711    -0.031272    -0.031272      1755214     0.039341 
   62.750    -1.160995    -0.012650    -0.012650      1741332     0.039155 
   62.850    -1.041143    -0.011304    -0.011304      1744707     0.039080 
   62.950    -2.511860    -0.027555    -0.027555      1734666     0.039225 
   63.050    -1.561751    -0.017194    -0.017194      1738368     0.039179 
   63.150    -1.429234    -0.015616    -0.015616      1754104     0.038975 
   63.250    -1.274810    -0.014007    -0.014007      1748754     0.039144 
   63.350    -0.576706    -0.006368    -0.006368      1724075     0.038987 
   63.450    -0.531033    -0.005867    -0.005867      1729843     0.039314 
   63.550    -1.592405    -0.017499    -0.017499      1740904     0.039196 
   63.650    -0.874615    -0.009529    -0.009529      1750289     0.038908 
   63.750    -0.655087    -0.007177    -0.007177      1737188     0.039049 
   63.850    -0.727178    -0.008002    -0.008002      1737455     0.039329 
   63.950     1.672633     0.018545     0.018545      1704406     0.039403 
   64.050     0.016700     0.000184     0.000184      1720742     0.039504 
   64.150    -0.766401    -0.008440    -0.008440      1725087     0.039359 
   64.250    -0.674117    -0.007414    -0.007414      1716746     0.039409 
   64.350    -1.276750    -0.014084    -0.014084      1705377     0.039480 
   64.450    -1.831332    -0.020201    -0.020201      1706012     0.039243 
   64.550     0.134605     0.001486     0.001486      1714163     0.039215 
   64.650    -0.583044    -0.006448    -0.006448      1716395     0.038996 
   64.750    -0.688828    -0.007602    -0.007602      1700748     0.039408 
   64.850    -1.402660    -0.015504    -0.015504      1692858     0.039165 
   64.950    -1.127911    -0.012550    -0.012550      1691476     0.039214 
   65.050    -0.283563    -0.003136    -0.003136      1704130     0.039325 
   65.150    -0.167187    -0.001850    -0.001850      1696602     0.038912 
   65.250    -0.529330    -0.005879    -0.005879      1700141     0.039171 
   65.350    -1.411019    -0.015602    -0.015602      1694669     0.039509 
   65.450    -0.712266    -0.007885    -0.007885      1702075     0.039425 
   65.550    -1.327790    -0.014783    -0.014783      1688540     0.039359 
   65.650    -0.679864    -0.007554    -0.007554      1687914     0.039026 
   65.750    -0.726756    -0.008033    -0.008033      1698375     0.039162 
   65.850     1.777245     0.019793     0.019793      1680650     0.039225 
   65.950     1.293684     0.014305     0.014305      1682141     0.039237 
   66.050     0.658236     0.007377     0.007377      1676492     0.039334 
   66.150    -0.585095    -0.006535    -0.006535      1673672     0.039299 
   66.250    -0.478276    -0.005368    -0.005368      1670718     0.039582 
   66.350    -1.273577    -0.014165    -0.014165      1681557     0.039385 
   66.450    -0.761073    -0.008516    -0.008516      1663257     0.039181 
   66.550    -0.680460    -0.007639    -0.007639      1661601     0.039153 
   66.650    -0.071695    -0.000798    -0.000798      1690028     0.039315 
   66.750     0.389443     0.004344     0.004344      1674185     0.039445 
   66.850    -0.385227    -0.004289    -0.004289      1679398     0.039374 
   66.950     0.243871     0.002734     0.002734      1672305     0.039301 
   67.050    -0.104212    -0.001163    -0.001163      1669972     0.039291 
   67.150    -2.295053    -0.025748    -0.025748      1665356     0.039569 
   67.250    -0.006760    -0.000076    -0.000076      1673542     0.039379 
   67.350     0.468269     0.005259     0.005259      1668147     0.039337 
   67.450     0.695349     0.007773     0.007773      1674810     0.039120 
   67.550     0.937143     0.010499     0.010499      1651807     0.039377 
   67.650    -0.264267    -0.002972    -0.002972      1651984     0.039048 
   67.750     0.605104     0.006824     0.006824      1650056     0.039201 
   67.850     0.524834     0.005918     0.005918      1656317     0.039154 
   67.950    -0.537062    -0.006047    -0.006047      1654436     0.039401 
   68.050     0.856559     0.009651     0.009651      1652541     0.039409 
   68.150     0.747053     0.008400     0.008400      1654797     0.039348 
   68.250     0.666646     0.007500     0.007500      1648248     0.039294 
   68.350     0.967289     0.010936     0.010936      1639885     0.039476 
   68.450     0.747917     0.008492     0.008492      1641865     0.039387 
   68.550     1.439338     0.016384     0.016384      1626551     0.039255 
   68.650     1.033243     0.011714     0.011714      1635883     0.039339 
   68.750     1.062150     0.012047     0.012047      1646889     0.039352 
   68.850     0.677101     0.007730     0.007730      1638093     0.039096 
   68.950     1.457004     0.016348     0.016348      1629784     0.039432 
   69.050     0.212454     0.002406     0.002406      1640863     0.039337 
   69.150     0.909928     0.010270     0.010270      1628233     0.039300 
   69.250     0.994521     0.011261     0.011261      1621344     0.039301 
   69.350     0.162058     0.001830     0.001830      1621198     0.039162 
   69.450     0.613626     0.006963     0.006963      1623087     0.038768 
   69.550     0.914784     0.010470     0.010470      1618050     0.039010 
   69.650     1.072877     0.012222     0.012222      1617943     0.039217 
   69.750     0.902488     0.010358     0.010358      1602867     0.039380 
   69.850     0.749778     0.008597     0.008597      1603226     0.039261 
   69.950     1.174229     0.013461     0.013461      1595955     0.039210 
   70.050     1.238619     0.014175     0.014175      1614691     0.039354 
   70.150     0.003757     0.000043     0.000043      1612444     0.039163 
   70.250     1.376509     0.015696     0.015696      1608202     0.039400 
   70.350     0.295575     0.003383     0.003383      1603641     0.039218 
   70.450     0.174478     0.002001     0.002001      1602127     0.039292 
   70.550    -1.453349    -0.016807    -0.016807      1584299     0.039222 
   70.650    -0.589801    -0.006787    -0.006787      1595909     0.039358 
   70.750    -1.264089    -0.014503    -0.014503      1598877     0.039329 
   70.850     0.292111     0.003371     0.003371      1602251     0.039090 
   70.950     0.152697     0.001770     0.001770      1596529     0.039208 
   71.050     0.082272     0.000955     0.000955      1590574     0.039496 
   71.150     0.641772     0.007463     0.007463      1573386     0.039555 
   71.250     0.234581     0.002719     0.002719      1590457     0.039469 
   71.350     0.165243     0.001911     0.001911      1595494     0.039099 
   71.450    -0.556224    -0.006376    -0.006376      1593997     0.039077 
   71.550    -0.128552    -0.001483    -0.001483      1600719     0.038997 
   71.650    -0.428588    -0.004952    -0.004952      1596987     0.039077 
   71.750    -0.845566    -0.009802    -0.009802      1578856     0.039157 
   71.850    -1.316008    -0.015266    -0.015266      1578093     0.039351 
   71.950    -0.754703    -0.008670    -0.008670      1601335     0.039176 
   72.050    -0.744515    -0.008611    -0.008611      1576787     0.039030 
   72.150    -0.545344    -0.006321    -0.006321      1569454     0.039264 
   72.250     0.154936     0.001788     0.001788      1577591     0.039343 
   72.350     0.320786     0.003697     0.003697      1576657     0.039142 
   72.450    -0.016052    -0.000185    -0.000185      1577786     0.039340 
   72.550    -0.676601    -0.007791    -0.007791      1578345     0.039428 
   72.650     0.166819     0.001938     0.001938      1570559     0.039196 
   72.750    -0.431768    -0.004991    -0.004991      1560344     0.039331 
   72.850    -0.303169    -0.003516    -0.003516      1578187     0.039261 
   72.950     0.182795     0.002122     0.002122      1569095     0.039543 
   73.050    -1.253942    -0.014557    -0.014557      1570920     0.039024 
   73.150    -0.922076    -0.010760    -0.010760      1547425     0.039024 
   73.250     1.396955     0.016238     0.016238      1558324     0.039301 
   73.350    -1.685174    -0.019447    -0.019447      1564991     0.039440 
   73.450    -0.381336    -0.004399    -0.004399      1547723     0.039300 
   73.550     0.283438     0.003292     0.003292      1554972     0.039378 
   73.650    -1.192211    -0.013901    -0.013901      1563214     0.039343 
   73.750    -0.429294    -0.004956    -0.004956      1563374     0.039143 
   73.850    -0.778316    -0.009005    -0.009005      1540802     0.039131 
   73.950    -0.356889    -0.004193    -0.004193      1533446     0.039123 
   74.050    -0.691247    -0.008045    -0.008045      1545763     0.039115 
   74.150    -0.508405    -0.005927    -0.005927      1551457     0.038996 
   74.250    -1.450929    -0.016940    -0.016940      1537994     0.039320 
   74.350    -1.163709    -0.013708    -0.013708      1526434     0.039208 
   74.450    -0.505742    -0.005929    -0.005929      1535714     0.039123 
   74.550    -0.525890    -0.006161    -0.006161      1526498     0.039420 
   74.650    -0.499157    -0.005864    -0.005864      1516649     0.039209 
   74.750    -0.383774    -0.004520    -0.004520      1507200     0.039147 
   74.850    -0.276461    -0.003240    -0.003240      1520393     0.039514 
   74.950     0.471863     0.005540     0.005540      1503605     0.039280 
   75.050     0.666775     0.007850     0.007850      1512336     0.039415 
   75.150     0.254466     0.003011     0.003011      1507595     0.039290 
   75.250    -0.680244    -0.007997    -0.007997      1517402     0.039490 
   75.350    -0.776638    -0.009178    -0.009178      1504509     0.039288 
   75.450     0.332976     0.003949     0.003949      1490855     0.039289 
   75.550     0.508771     0.006006     0.006006      1507056     0.039284 
   75.650    -0.891791    -0.010533    -0.010533      1513945     0.039247 
   75.750    -0.006414    -0.000076    -0.000076      1496645     0.039100 
   75.850    -1.895436    -0.022577    -0.022577      1491076     0.039086 
   75.950    -0.539358    -0.006432    -0.006432      1484261     0.039288 
   76.050     1.323547     0.015779     0.015779      1487037     0.039212 
   76.150    -0.271308    -0.003215    -0.003215      1495260     0.039147 
   76.250    -0.949381    -0.011235    -0.011235      1499837     0.039224 
   76.350     0.063354     0.000749     0.000749      1508789     0.039226 
   76.450     0.260021     0.003094     0.003094      1481237     0.039183 
   76.550    -1.229407    -0.014768    -0.014768      1468652     0.039160 
   76.650    -0.984718    -0.011786    -0.011786      1476457     0.039443 
   76.750    -0.011188    -0.000133    -0.000133      1475220     0.039214 
   76.850    -0.934802    -0.011088    -0.011088      1480478     0.039175 
   76.950     0.050816     0.000606     0.000606      1478659     0.039180 
   77.050     0.079659     0.000943     0.000943      1479999     0.039431 
   77.150    -0.497305    -0.005890    -0.005890      1486521     0.039411 
   77.250    -0.292071    -0.003474    -0.003474      1478149     0.039296 
   77.350    -0.851993    -0.010073    -0.010073      1482730     0.039203 
   77.450    -1.179201    -0.014207    -0.014207      1472620     0.039241 
   77.550    -1.414669    -0.017015    -0.017015      1469905     0.039575 
   77.650    -0.080655    -0.000966    -0.000966      1465623     0.039328 
   77.750     0.177991     0.002134     0.002134      1471823     0.039066 
   77.850     0.200409     0.002399     0.002399      1476157     0.039183 
   77.950    -0.057474    -0.000692    -0.000692      1470761     0.039254 
   78.050     0.830480     0.009953     0.009953      1474912     0.039359 
   78.150     0.611164     0.007352     0.007352      1462601     0.039189 
   78.250     0.341806     0.004142     0.004142      1451595     0.039464 
   78.350    -0.839042    -0.010193    -0.010193      1453495     0.039415 
   78.450    -1.106594    -0.013254    -0.013254      1470686     0.039349 
   78.550    -0.939766    -0.011328    -0.011328      1461683     0.039226 
   78.650    -0.695124    -0.008328    -0.008328      1475977     0.039394 
   78.750     0.582387     0.007011     0.007011      1463122     0.039262 
   78.850     0.608294     0.007284     0.007284      1461211     0.039270 
   78.950     1.898170     0.022965     0.022965      1447852     0.039321 
   79.050     0.456274     0.005506     0.005506      1458838     0.039311 
   79.150     1.076607     0.013053     0.013053      1443554     0.038903 
   79.250     0.123323     0.001489     0.001489      1448745     0.039436 
   79.350    -0.541738    -0.006560    -0.006560      1449398     0.039584 
   79.450     0.172013     0.002085     0.002085      1436119     0.039383 
   79.550     0.194062     0.002367     0.002367      1431069     0.039362 
   79.650    -0.885450    -0.010697    -0.010697      1435856     0.039394 
   79.750    -0.199335    -0.002412    -0.002412      1438533     0.039282 
   79.850    -0.146731    -0.001795    -0.001795      1432512     0.039523 
   79.950     0.644872     0.007833     0.007833      1453107     0.039576 
   80.050    -0.031526    -0.000382    -0.000382      1435429     0.039155 
   80.150    -1.378663    -0.016634    -0.016634      1437816     0.039089 
   80.250    -0.894509    -0.010854    -0.010854      1439115     0.039302 
   80.350     0.566237     0.006850     0.006850      1438044     0.039209 
   80.450     0.794253     0.009621     0.009621      1435288     0.039371 
   80.550    -0.893354    -0.010880    -0.010880      1426750     0.039062 
   80.650     1.031950     0.012602     0.012602      1417943     0.039243 
   80.750     0.658107     0.008002     0.008002      1425879     0.039092 
   80.850     1.820631     0.022137     0.022137      1428926     0.039046 
   80.950     1.106119     0.013467     0.013467      1420795     0.039433 
   81.050     0.593243     0.007276     0.007276      1414165     0.039061 
   81.150     1.232070     0.015083     0.015083      1398338     0.039353 
   81.250     1.021549     0.012403     0.012403      1405142     0.039345 
   81.350     0.621738     0.007600     0.007600      1402961     0.039185 
   81.450     0.604652     0.007441     0.007441      1402903     0.039448 
   81.550     3.094082     0.037710     0.037710      1393961     0.039315 
   81.650     1.643229     0.019991     0.019991      1386170     0.039510 
   81.750     1.193673     0.014525     0.014525      1384659     0.039101 
   81.850     1.121528     0.013610     0.013610      1393452     0.039041 
   81.950     1.536426     0.018861     0.018861      1386517     0.039208 
   82.050     1.419242     0.017477     0.017477      1375147     0.039343 
   82.150     2.116478     0.026155     0.026155      1370417     0.039417 
   82.250     1.042268     0.012876     0.012876      1376155     0.039320 
   82.350     1.339400     0.016392     0.016392      1389285     0.039394 
   82.450     1.797481     0.021973     0.021973      1386168     0.039203 
   82.550     0.884046     0.010906     0.010906      1381061     0.039154 
   82.650     0.749704     0.009231     0.009231      1379494     0.039054 
   82.750     2.096620     0.025899     0.025899      1366850     0.039475 
   82.850     1.581005     0.019520     0.019520      1367288     0.039455 
   82.950     0.787535     0.009769     0.009769      1366863     0.039199 
   83.050     1.025519     0.012799     0.012799      1363635     0.039278 
   83.150    -0.366556    -0.004554    -0.004554      1368640     0.039173 
   83.250     0.065105     0.000820     0.000820      1341023     0.039376 
   83.350    -0.161602    -0.002014    -0.002014      1360366     0.039409 
   83.450    -0.186090    -0.002327    -0.002327      1347625     0.039464 
   83.550    -0.577639    -0.007186    -0.007186      1352803     0.039297 
   83.650     0.178998     0.002226     0.002226      1362425     0.039288 
   83.750     0.513893     0.006385     0.006385      1348325     0.039191 
   83.850     0.240111     0.002965     0.002965      1348920     0.039317 
   83.950    -0.256959    -0.003209    -0.003209      1348195     0.039108 
   84.050     0.131878     0.001650     0.001650      1346822     0.039353 
   84.150     0.823873     0.010335     0.010335      1351621     0.039329 
   84.250    -0.259077    -0.003205    -0.003205      1353052     0.039570 
   84.350    -0.536743    -0.006698    -0.006698      1339760     0.039666 
   84.450     0.467258     0.005854     0.005854      1341426     0.039316 
   84.550     0.186107     0.002323     0.002323      1338244     0.038906 
   84.650    -0.204889    -0.002572    -0.002572      1334763     0.039454 
   84.750     0.040670     0.000509     0.000509      1352550     0.039579 
   84.850     0.440204     0.005561     0.005561      1344639     0.039128 
   84.950    -0.280814    -0.003530    -0.003530      1337252     0.039398 
   85.050     0.072169     0.000899     0.000899      1344506     0.038989 
   85.150     0.060850     0.000763     0.000763      1343997     0.039138 
   85.250     0.163375     0.002046     0.002046      1336951     0.039364 
   85.350     0.610781     0.007634     0.007634      1338113     0.039276 
   85.450     0.253650     0.003171     0.003171      1337703     0.039200 
   85.550    -0.586496    -0.007372    -0.007372      1339932     0.039145 
   85.650     0.325634     0.004116     0.004116      1328304     0.039056 
   85.750     0.087414     0.001097     0.001097      1332912     0.039255 
   85.850    -0.525808    -0.006547    -0.006547      1332951     0.039718 
   85.950    -0.093903    -0.001169    -0.001169      1333801     0.039318 
   86.050    -0.376633    -0.004729    -0.004729      1331994     0.039202 
   86.150    -0.080363    -0.001007    -0.001007      1332211     0.039397 
   86.250    -0.467298    -0.005895    -0.005895      1322896     0.039250 
   86.350     0.252820     0.003183     0.003183      1332140     0.039179 
   86.450     0.953854     0.012017     0.012017      1335165     0.039301 
   86.550     0.308561     0.003911     0.003911      1315163     0.039075 
   86.650     0.648237     0.008182     0.008182      1325283     0.039594 
   86.750     0.643495     0.008114     0.008114      1323279     0.039083 
   86.850     1.026567     0.012886     0.012886      1320119     0.039246 
   86.950     1.273969     0.016233     0.016233      1304914     0.039252 
   87.050     1.388672     0.017587     0.017587      1314716     0.039393 
   87.150     0.505068     0.006378     0.006378      1308845     0.039171 
   87.250    -0.594098    -0.007537    -0.007537      1303400     0.039174 
   87.350     0.397919     0.005043     0.005043      1302940     0.039046 
   87.450     2.060366     0.026363     0.026363      1299291     0.039169 
   87.550     1.259116     0.016068     0.016068      1307911     0.038941 
   87.650    -0.405547    -0.005209    -0.005209      1298737     0.039714 
   87.750     0.111506     0.001427     0.001427      1302986     0.039286 
   87.850    -0.025040    -0.000321    -0.000321      1298131     0.039552 
   87.950     1.055088     0.013562     0.013562      1289159     0.039454 
   88.050    -0.013357    -0.000172    -0.000172      1288516     0.039555 
   88.150     1.439456     0.018402     0.018402      1283735     0.039093 
   88.250    -0.075205    -0.000973    -0.000973      1279192     0.039287 
   88.350     0.184102     0.002363     0.002363      1273400     0.039045 
   88.450     0.287576     0.003682     0.003682      1277020     0.039237 
   88.550     1.215046     0.015580     0.015580      1284552     0.039229 
   88.650     0.792600     0.010247     0.010247      1271290     0.039570 
   88.750     0.067869     0.000872     0.000872      1276014     0.039240 
   88.850    -0.762868    -0.009800    -0.009800      1273230     0.039368 
   88.950    -0.120669    -0.001542    -0.001542      1270730     0.039097 
   89.050    -0.891527    -0.011634    -0.011634      1253757     0.039046 
   89.150    -0.758147    -0.009776    -0.009776      1273783     0.039431 
   89.250     0.235028     0.003021     0.003021      1263899     0.039419 
   89.350     0.021633     0.000278     0.000278      1274257     0.039186 
   89.450     2.350314     0.030330     0.030330      1257851     0.039473 
   89.550     0.747185     0.009650     0.009650      1267732     0.039615 
   89.650     0.231564     0.002954     0.002954      1264958     0.039499 
   89.750    -1.044192    -0.013435    -0.013435      1260210     0.039204 
   89.850     0.478542     0.006130     0.006130      1266728     0.039417 
   89.950    -1.384879    -0.017784    -0.017784      1261837     0.039351 
   90.050    -0.481898    -0.006210    -0.006210      1256835     0.038896 
   90.150     0.361204     0.004674     0.004674      1246767     0.039193 
   90.250    -0.545900    -0.007073    -0.007073      1242851     0.039526 
   90.350    -0.391335    -0.005067    -0.005067      1238196     0.039634 
   90.450    -0.141332    -0.001825    -0.001825      1237624     0.039438 
   90.550    -0.827130    -0.010787    -0.010787      1239162     0.039540 
   90.650    -0.063131    -0.000814    -0.000814      1243027     0.039350 
   90.750    -0.852357    -0.011094    -0.011094      1239871     0.039249 
   90.850     0.693225     0.008983     0.008983      1241199     0.039081 
   90.950    -1.038473    -0.013594    -0.013594      1238625     0.039145 
   91.050    -1.106216    -0.014479    -0.014479      1240364     0.039298 
   91.150     0.387585     0.005102     0.005102      1226874     0.039412 
   91.250     0.114481     0.001513     0.001513      1220852     0.039256 
   91.350    -0.507950    -0.006656    -0.006656      1214089     0.039340 
   91.450    -1.431700    -0.018666    -0.018666      1227122     0.039705 
   91.550    -1.585136    -0.020886    -0.020886      1213709     0.039289 
   91.650    -1.769032    -0.023253    -0.023253      1211335     0.039293 
   91.750    -1.140749    -0.015000    -0.015000      1228967     0.039281 
   91.850    -1.320992    -0.017438    -0.017438      1220992     0.039369 
   91.950    -1.009099    -0.013351    -0.013351      1210262     0.039406 
   92.050    -0.570374    -0.007501    -0.007501      1223108     0.039530 
   92.150    -1.079240    -0.014214    -0.014214      1206931     0.039441 
   92.250    -1.343695    -0.017830    -0.017830      1199526     0.039377 
   92.350    -0.749068    -0.009956    -0.009956      1201370     0.039392 
   92.450     0.153630     0.002027     0.002027      1201409     0.039411 
   92.550    -0.061729    -0.000817    -0.000817      1198356     0.038995 
   92.650    -0.653572    -0.008728    -0.008728      1187722     0.039389 
   92.750    -0.303029    -0.004035    -0.004035      1188946     0.039325 
   92.850    -1.382054    -0.018405    -0.018405      1205865     0.039461 
   92.950    -1.033168    -0.013677    -0.013677      1198542     0.039714 
   93.050     0.252029     0.003344     0.003344      1185998     0.039335 
   93.150    -0.189942    -0.002530    -0.002530      1201625     0.039372 
   93.250    -1.595332    -0.021037    -0.021037      1193223     0.039708 
   93.350    -2.202236    -0.029383    -0.029383      1192136     0.039152 
   93.450    -0.923872    -0.012310    -0.012310      1193939     0.039275 
   93.550    -0.530762    -0.007043    -0.007043      1184209     0.039689 
   93.650    -1.121386    -0.015020    -0.015020      1175889     0.039112 
   93.750    -1.001853    -0.013537    -0.013537      1162952     0.039273 
   93.850    -1.361786    -0.018170    -0.018170      1177341     0.039464 
   93.950    -0.238797    -0.003220    -0.003220      1167021     0.039816 
   94.050    -0.855432    -0.011418    -0.011418      1168355     0.039367 
   94.150    -1.801638    -0.024155    -0.024155      1167802     0.039158 
   94.250    -1.934528    -0.025921    -0.025921      1171905     0.039234 
   94.350    -1.082088    -0.014573    -0.014573      1159786     0.039401 
   94.450    -1.002015    -0.013436    -0.013436      1169686     0.039237 
   94.550    -1.222401    -0.016330    -0.016330      1168448     0.039592 
   94.650    -1.061518    -0.014203    -0.014203      1156230     0.039684 
   94.750    -0.442333    -0.005958    -0.005958      1157545     0.039609 
   94.850    -0.349859    -0.004673    -0.004673      1151711     0.039542 
   94.950    -1.613199    -0.021692    -0.021692      1169674     0.039608 
   95.050    -1.646892    -0.022193    -0.022193      1160550     0.039248 
   95.150    -0.773439    -0.010348    -0.010348      1169055     0.039366 
   95.250    -1.352563    -0.018214    -0.018214      1147967     0.039443 
   95.350    -1.222512    -0.016407    -0.016407      1166936     0.039485 
   95.450    -0.752500    -0.010140    -0.010140      1153611     0.039224 
   95.550    -0.376436    -0.005101    -0.005101      1149266     0.039121 
   95.650     0.361538     0.004876     0.004876      1158025     0.039507 
   95.750    -0.425350    -0.005844    -0.005844      1141865     0.039419 
   95.850    -0.531586    -0.007222    -0.007222      1151252     0.039385 
   95.950    -0.691648    -0.009389    -0.009389      1154530     0.039030 
   96.050    -1.678257    -0.022579    -0.022579      1161687     0.039334 
   96.150     0.063795     0.000863     0.000863      1150181     0.039173 
   96.250    -0.124621    -0.001685    -0.001685      1157945     0.039048 
   96.350    -0.768549    -0.010392    -0.010392      1138209     0.039263 
   96.450    -0.673693    -0.009096    -0.009096      1157144     0.039463 
   96.550    -0.591581    -0.008040    -0.008040      1144693     0.039534 
   96.650    -0.207467    -0.002822    -0.002822      1130130     0.039604 
   96.750    -0.315282    -0.004297    -0.004297      1126603     0.039431 
   96.850    -0.712868    -0.009671    -0.009671      1136000     0.039584 
   96.950     0.488260     0.006724     0.006724      1129432     0.039116 
   97.050    -0.053622    -0.000729    -0.000729      1135304     0.038996 
   97.150     0.563526     0.007635     0.007635      1129295     0.039458 
   97.250    -0.570818    -0.007769    -0.007769      1130545     0.039149 
   97.350    -0.853428    -0.011642    -0.011642      1130012     0.038906 
   97.450    -0.748959    -0.010249    -0.010249      1121725     0.039171 
   97.550    -1.002782    -0.013664    -0.013664      1114611     0.039320 
   97.650    -0.759430    -0.010296    -0.010296      1121090     0.039035 
   97.750    -1.201887    -0.016315    -0.016315      1123886     0.039263 
   97.850     0.004795     0.000066     0.000066      1116279     0.039047 
   97.950    -0.882221    -0.012083    -0.012083      1117153     0.039400 
   98.050    -1.631791    -0.022552    -0.022552      1116008     0.039206 
   98.150    -0.514212    -0.007092    -0.007092      1113405     0.039644 
   98.250    -0.368504    -0.005049    -0.005049      1123104     0.039453 
   98.350     0.193455     0.002649     0.002649      1129784     0.039251 
   98.450     0.775797     0.010642     0.010642      1122494     0.039316 
   98.550     1.324709     0.018189     0.018189      1094239     0.039317 
   98.650    -0.056631    -0.000780    -0.000780      1105250     0.039268 
   98.750    -0.172822    -0.002389    -0.002389      1100440     0.039456 
   98.850    -0.493862    -0.006877    -0.006877      1087606     0.039271 
   98.950    -0.293325    -0.004080    -0.004080      1088596     0.039505 
   99.050    -1.015017    -0.014008    -0.014008      1098054     0.039170 
   99.150    -1.079554    -0.015056    -0.015056      1094781     0.039210 
   99.250    -0.602318    -0.008477    -0.008477      1080974     0.039189 
   99.350    -0.632721    -0.008824    -0.008824      1084877     0.039115 
   99.450    -0.312936    -0.004342    -0.004342      1096071     0.038790 
   99.550     0.055394     0.000772     0.000772      1086718     0.039011 
   99.650    -0.707932    -0.009819    -0.009819      1081069     0.039030 
   99.750    -2.165506    -0.029903    -0.029903      1090155     0.039319 
   99.850    -0.358101    -0.005014    -0.005014      1082258     0.039306 
   99.950    -0.328346    -0.004611    -0.004611      1069294     0.039065 
