    ##Z-score and correlation:: (null)  binsize:     0.001000
    0.100  1332.433592     8.637328     0.346069      6160305 
    0.200   727.231741     5.028751     0.267466      5749057 
    0.300   622.973395     4.402226     0.244403      5575582 
    0.400   576.628734     4.129703     0.232750      5469446 
    0.500   554.483012     4.003788     0.226965      5401130 
    0.600   540.564474     3.921800     0.223121      5369780 
    0.700   528.669357     3.841398     0.219546      5341482 
    0.800   519.112682     3.794624     0.216562      5314456 
    0.900   512.451536     3.744082     0.214036      5295332 
    1.000   505.091499     3.704088     0.211728      5265340 
    1.100   497.121299     3.659192     0.208780      5245100 
    1.200   491.351235     3.620541     0.207598      5215027 
    1.300   477.499783     3.520290     0.202222      5191208 
    1.400   475.012395     3.498575     0.201808      5162937 
    1.500   470.682709     3.471313     0.200306      5144810 
    1.600   465.491523     3.436866     0.198531      5127050 
    1.700   460.155637     3.400968     0.196403      5122448 
    1.800   448.368090     3.328960     0.192189      5102519 
    1.900   444.684987     3.302908     0.191158      5087235 
    2.000   440.395022     3.285881     0.189715      5066073 
    2.100   432.603008     3.221352     0.186423      5060744 
    2.200   427.265733     3.189911     0.184576      5047469 
    2.300   426.307071     3.190419     0.184348      5032320 
    2.400   420.133522     3.151551     0.182148      5024804 
    2.500   418.502315     3.138959     0.181622      5001751 
    2.600   409.816832     3.074708     0.178261      4990333 
    2.700   407.725998     3.054663     0.177490      4981468 
    2.800   399.153718     3.000027     0.174326      4969282 
    2.900   396.915150     2.980668     0.172910      4978877 
    3.000   391.681994     2.947309     0.171173      4953041 
    3.100   386.592509     2.915785     0.169443      4935205 
    3.200   379.113763     2.860013     0.166411      4923716 
    3.300   377.050089     2.840087     0.165741      4911280 
    3.400   374.447476     2.831707     0.164868      4895681 
    3.500   371.558012     2.817348     0.163506      4897788 
    3.600   367.815979     2.791472     0.161952      4893693 
    3.700   361.371402     2.738652     0.159520      4889286 
    3.800   358.880562     2.726647     0.158492      4881853 
    3.900   354.291576     2.701297     0.156625      4865101 
    4.000   353.159282     2.693840     0.157021      4836697 
    4.100   350.713404     2.675338     0.156049      4824922 
    4.200   343.881253     2.618335     0.153225      4807285 
    4.300   339.455520     2.589622     0.151469      4798977 
    4.400   335.255977     2.571231     0.149943      4783816 
    4.500   332.897302     2.551729     0.149027      4781224 
    4.600   326.295545     2.504972     0.146090      4774096 
    4.700   323.566487     2.483251     0.145041      4766515 
    4.800   319.796252     2.457128     0.143498      4758263 
    4.900   309.976880     2.381335     0.139186      4749004 
    5.000   307.926676     2.374726     0.138552      4728809 
    5.100   305.569678     2.359295     0.137788      4713703 
    5.200   306.879496     2.372496     0.138631      4707919 
    5.300   303.182551     2.347717     0.136986      4705578 
    5.400   295.194607     2.281424     0.133539      4696821 
    5.500   290.832665     2.250958     0.132072      4681188 
    5.600   286.118372     2.214195     0.130000      4673123 
    5.700   288.161676     2.232516     0.131068      4653847 
    5.800   281.253353     2.178588     0.128222      4646352 
    5.900   281.268921     2.185847     0.128448      4629344 
    6.000   273.935180     2.137420     0.125321      4621802 
    6.100   273.558681     2.128068     0.125183      4618657 
    6.200   267.490165     2.083327     0.122597      4604716 
    6.300   261.100289     2.032597     0.119695      4595467 
    6.400   258.655219     2.019589     0.118677      4590767 
    6.500   256.061496     2.004151     0.117770      4582935 
    6.600   252.733112     1.981033     0.116360      4570099 
    6.700   250.166365     1.957622     0.115209      4572292 
    6.800   252.857701     1.985562     0.116544      4555306 
    6.900   253.586839     1.992793     0.116943      4555983 
    7.000   246.880553     1.943857     0.114106      4544103 
    7.100   242.865676     1.912226     0.112484      4521626 
    7.200   239.389967     1.887610     0.110895      4514452 
    7.300   235.197442     1.859976     0.109038      4519159 
    7.400   233.020598     1.842776     0.107897      4515168 
    7.500   236.080556     1.862354     0.109549      4506931 
    7.600   228.679808     1.804162     0.106361      4495861 
    7.700   229.131136     1.808899     0.106604      4488458 
    7.800   220.984623     1.749935     0.102949      4473041 
    7.900   224.068157     1.775574     0.104781      4456698 
    8.000   217.423570     1.729309     0.101786      4440389 
    8.100   215.602020     1.718416     0.101135      4425597 
    8.200   214.374274     1.709865     0.100650      4419012 
    8.300   213.056659     1.701245     0.100174      4405492 
    8.400   212.085090     1.689416     0.099792      4398718 
    8.500   205.826718     1.638456     0.096861      4407896 
    8.600   207.307390     1.653042     0.097632      4390032 
    8.700   205.732581     1.647319     0.097180      4368238 
    8.800   201.319513     1.615283     0.095249      4355071 
    8.900   200.367827     1.600609     0.094723      4363608 
    9.000   199.726345     1.600798     0.094514      4361735 
    9.100   191.834672     1.540736     0.090722      4358945 
    9.200   190.121719     1.532679     0.090032      4343200 
    9.300   188.935737     1.522971     0.089558      4338387 
    9.400   189.229334     1.524724     0.089879      4326827 
    9.500   190.288765     1.532411     0.090429      4315483 
    9.600   184.993826     1.495016     0.088148      4303140 
    9.700   180.400504     1.459388     0.086021      4295848 
    9.800   180.405441     1.461573     0.086096      4293153 
    9.900   175.182871     1.419317     0.083688      4286360 
   10.000   173.860103     1.408270     0.083159      4274418 
   10.100   175.990800     1.427757     0.084159      4270112 
   10.200   173.699040     1.406160     0.083370      4255205 
   10.300   173.151143     1.399877     0.083237      4240502 
   10.400   169.938884     1.380465     0.081724      4231893 
   10.500   164.832121     1.342390     0.079358      4220829 
   10.600   161.263537     1.318135     0.077741      4220488 
   10.700   156.903209     1.284088     0.075758      4204430 
   10.800   160.640483     1.316999     0.077661      4197637 
   10.900   157.094245     1.285792     0.075935      4198710 
   11.000   156.947623     1.284372     0.075919      4189243 
   11.100   151.983553     1.247034     0.073653      4175585 
   11.200   151.097048     1.239766     0.073304      4164824 
   11.300   145.826352     1.194607     0.070819      4157090 
   11.400   150.275441     1.231792     0.073158      4149265 
   11.500   146.394874     1.200899     0.071279      4141122 
   11.600   146.633923     1.201043     0.071435      4133354 
   11.700   144.993807     1.191030     0.070852      4113322 
   11.800   143.689275     1.182011     0.070250      4113117 
   11.900   142.508078     1.172762     0.069566      4124080 
   12.000   138.691654     1.140289     0.067886      4108265 
   12.100   138.810018     1.145513     0.067997      4104250 
   12.200   138.826782     1.149485     0.068051      4090079 
   12.300   135.427161     1.118719     0.066318      4079091 
   12.400   135.040120     1.116387     0.066199      4090739 
   12.500   134.466142     1.115980     0.065985      4084840 
   12.600   134.326476     1.111107     0.065884      4088641 
   12.700   132.784209     1.096828     0.065109      4089818 
   12.800   131.131240     1.086258     0.064409      4086576 
   12.900   129.174246     1.069714     0.063449      4070980 
   13.000   126.830455     1.050413     0.062225      4079365 
   13.100   122.835258     1.017189     0.060336      4078058 
   13.200   125.605519     1.041768     0.061854      4064297 
   13.300   121.617300     1.010963     0.059779      4057830 
   13.400   122.605682     1.020363     0.060418      4050914 
   13.500   126.201364     1.049860     0.062278      4038235 
   13.600   121.924275     1.015246     0.060287      4033292 
   13.700   117.654449     0.983378     0.058207      4023756 
   13.800   118.271932     0.991135     0.058599      4014836 
   13.900   118.233576     0.988748     0.058582      4007070 
   14.000   115.392122     0.961390     0.057242      4012897 
   14.100   118.728915     0.990178     0.058831      4009903 
   14.200   114.963092     0.959495     0.057030      4006066 
   14.300   109.965254     0.918705     0.054608      3998243 
   14.400   114.638886     0.957330     0.056915      3990345 
   14.500   116.952767     0.977430     0.058073      3984730 
   14.600   113.441491     0.947496     0.056448      3984897 
   14.700   110.015090     0.923279     0.054771      3971246 
   14.800   109.194572     0.916918     0.054482      3959906 
   14.900   102.988964     0.866218     0.051494      3949558 
   15.000   105.356347     0.886987     0.052621      3945590 
   15.100   102.821525     0.864797     0.051307      3945072 
   15.200   101.921866     0.857400     0.050915      3944688 
   15.300   101.943035     0.859552     0.050974      3935752 
   15.400   100.229601     0.845273     0.050259      3929570 
   15.500    97.002784     0.818921     0.048679      3916824 
   15.600    95.691718     0.806309     0.048005      3918246 
   15.700   100.352547     0.849088     0.050272      3924039 
   15.800    96.808128     0.817059     0.048565      3915075 
   15.900    94.758438     0.804922     0.047684      3896170 
   16.000    91.050328     0.773031     0.045918      3880502 
   16.100    87.446159     0.743241     0.044112      3873808 
   16.200    89.056994     0.756473     0.045004      3866110 
   16.300    88.968452     0.757573     0.044959      3867241 
   16.400    87.517076     0.746609     0.044227      3856706 
   16.500    85.958059     0.734250     0.043395      3856606 
   16.600    84.507674     0.722114     0.042707      3856684 
   16.700    83.860331     0.718032     0.042436      3854737 
   16.800    84.421588     0.720907     0.042778      3852756 
   16.900    85.873770     0.734643     0.043500      3843432 
   17.000    82.425283     0.706091     0.041839      3828265 
   17.100    84.906241     0.727614     0.043037      3825984 
   17.200    81.180912     0.694764     0.041176      3829292 
   17.300    76.063171     0.650944     0.038619      3826603 
   17.400    81.158699     0.696155     0.041266      3820733 
   17.500    81.804359     0.703584     0.041679      3807667 
   17.600    76.231646     0.657301     0.038907      3796549 
   17.700    77.469913     0.666907     0.039473      3804616 
   17.800    76.757475     0.662262     0.039085      3802523 
   17.900    75.232367     0.650653     0.038425      3791905 
   18.000    76.227940     0.659524     0.038993      3789749 
   18.100    70.375301     0.607079     0.035895      3794499 
   18.200    66.374675     0.573267     0.033947      3775718 
   18.300    71.880628     0.622225     0.036706      3777957 
   18.400    71.406379     0.617618     0.036534      3768277 
   18.500    66.887192     0.579546     0.034280      3754597 
   18.600    64.086455     0.555997     0.032766      3763721 
   18.700    63.245393     0.549490     0.032497      3744696 
   18.800    62.534170     0.543100     0.032172      3732394 
   18.900    57.078818     0.495389     0.029412      3727798 
   19.000    61.156862     0.531146     0.031492      3728969 
   19.100    56.784453     0.491027     0.029277      3715650 
   19.200    60.684821     0.526761     0.031322      3709635 
   19.300    61.591767     0.535654     0.031857      3704393 
   19.400    64.608404     0.561474     0.033404      3695182 
   19.500    62.240968     0.541325     0.032224      3684146 
   19.600    63.297591     0.550028     0.032773      3691475 
   19.700    61.422184     0.535049     0.031870      3683585 
   19.800    59.446786     0.519650     0.030865      3675580 
   19.900    65.381121     0.571976     0.034019      3661815 
   20.000    59.015353     0.516315     0.030669      3669603 
   20.100    55.112388     0.482399     0.028638      3670848 
   20.200    55.082081     0.480997     0.028658      3667036 
   20.300    57.624016     0.504583     0.029937      3662157 
   20.400    56.602522     0.496466     0.029427      3663176 
   20.500    59.188105     0.518859     0.030833      3649133 
   20.600    57.443165     0.502236     0.029943      3648592 
   20.700    56.440962     0.496464     0.029387      3646638 
   20.800    59.555784     0.525089     0.031055      3637705 
   20.900    60.095974     0.529434     0.031344      3635599 
   21.000    56.839541     0.499876     0.029691      3637692 
   21.100    60.378191     0.532734     0.031610      3620034 
   21.200    57.092379     0.504924     0.029978      3607371 
   21.300    50.345307     0.445119     0.026454      3593269 
   21.400    56.699070     0.503035     0.029779      3589890 
   21.500    51.026116     0.451548     0.026843      3593660 
   21.600    51.959898     0.461319     0.027353      3584651 
   21.700    52.303359     0.464215     0.027538      3584822 
   21.800    49.821483     0.442861     0.026209      3579575 
   21.900    50.517490     0.450048     0.026611      3571313 
   22.000    51.326530     0.457468     0.027056      3570784 
   22.100    50.977100     0.453225     0.026845      3573450 
   22.200    48.233615     0.428854     0.025410      3568336 
   22.300    51.788967     0.460065     0.027283      3567741 
   22.400    54.089614     0.481177     0.028512      3566239 
   22.500    47.430932     0.421796     0.025003      3560754 
   22.600    44.773833     0.398670     0.023647      3553902 
   22.700    46.798682     0.417385     0.024740      3545493 
   22.800    45.229286     0.404314     0.023970      3536388 
   22.900    46.113860     0.413257     0.024415      3531188 
   23.000    49.635629     0.444152     0.026280      3531732 
   23.100    50.896563     0.455179     0.026966      3530445 
   23.200    45.115175     0.403485     0.023889      3531369 
   23.300    46.242040     0.413727     0.024500      3534562 
   23.400    44.036634     0.393865     0.023384      3522502 
   23.500    43.337162     0.387898     0.022976      3519971 
   23.600    38.965916     0.349543     0.020703      3515149 
   23.700    43.059118     0.386455     0.022929      3503405 
   23.800    43.783170     0.393644     0.023292      3501074 
   23.900    41.578524     0.374148     0.022113      3499366 
   24.000    44.532909     0.401412     0.023739      3476531 
   24.100    38.330593     0.345490     0.020484      3475617 
   24.200    34.595533     0.311838     0.018512      3464115 
   24.300    35.316631     0.317451     0.018912      3455134 
   24.400    34.216392     0.308534     0.018401      3440252 
   24.500    34.962702     0.314533     0.018750      3451265 
   24.600    37.081691     0.335109     0.019934      3438835 
   24.700    34.758900     0.314165     0.018711      3429902 
   24.800    33.862762     0.306185     0.018236      3427147 
   24.900    29.021194     0.262983     0.015638      3424820 
   25.000    30.725111     0.279300     0.016570      3412637 
   25.100    34.553701     0.313804     0.018671      3411190 
   25.200    36.881419     0.335613     0.019925      3406591 
   25.300    34.689989     0.315659     0.018755      3395855 
   25.400    29.611390     0.270381     0.016012      3391664 
   25.500    28.399536     0.259356     0.015394      3390415 
   25.600    31.329694     0.286381     0.016963      3390666 
   25.700    31.966964     0.291261     0.017301      3395211 
   25.800    33.425546     0.303996     0.018084      3389465 
   25.900    32.588111     0.296794     0.017634      3394857 
   26.000    30.522502     0.277743     0.016518      3393475 
   26.100    31.990443     0.293001     0.017353      3372823 
   26.200    27.716552     0.254867     0.015039      3359624 
   26.300    30.036164     0.275712     0.016330      3355529 
   26.400    33.466496     0.306314     0.018233      3348003 
   26.500    26.442981     0.242050     0.014385      3355216 
   26.600    28.226449     0.257682     0.015383      3349533 
   26.700    31.800383     0.291427     0.017353      3339624 
   26.800    28.379471     0.260071     0.015503      3329017 
   26.900    32.936782     0.301734     0.018012      3328902 
   27.000    30.483605     0.278693     0.016654      3329915 
   27.100    28.691837     0.262278     0.015685      3321856 
   27.200    30.707461     0.281518     0.016823      3313843 
   27.300    28.735672     0.263570     0.015737      3306976 
   27.400    29.953282     0.275643     0.016420      3302060 
   27.500    26.459979     0.243296     0.014523      3298702 
   27.600    28.805380     0.265041     0.015807      3293439 
   27.700    26.879879     0.247759     0.014757      3292216 
   27.800    23.249015     0.214513     0.012751      3289039 
   27.900    26.765944     0.246975     0.014716      3285813 
   28.000    26.202823     0.241906     0.014425      3283093 
   28.100    28.523790     0.262958     0.015714      3279529 
   28.200    27.746309     0.256318     0.015319      3265143 
   28.300    28.976471     0.268616     0.015988      3260292 
   28.400    28.218523     0.261719     0.015596      3256532 
   28.500    23.747744     0.220190     0.013107      3255267 
   28.600    22.365291     0.207115     0.012373      3251536 
   28.700    23.668579     0.219347     0.013109      3248647 
   28.800    24.924217     0.230689     0.013801      3249827 
   28.900    28.244786     0.262084     0.015615      3248162 
   29.000    26.319350     0.243804     0.014556      3242409 
   29.100    18.586315     0.172394     0.010290      3235788 
   29.200    20.647349     0.191825     0.011451      3235224 
   29.300    24.503679     0.228299     0.013585      3227757 
   29.400    23.084071     0.215003     0.012804      3220405 
   29.500    23.905074     0.222197     0.013306      3215598 
   29.600    23.365745     0.217208     0.013001      3217481 
   29.700    18.601890     0.172914     0.010362      3208250 
   29.800    19.268987     0.179227     0.010730      3209474 
   29.900    19.578343     0.183049     0.010919      3197517 
   30.000    15.605334     0.145876     0.008700      3189582 
   30.100    15.138755     0.142374     0.008453      3176203 
   30.200    16.549958     0.155838     0.009247      3177893 
   30.300    14.932397     0.140531     0.008355      3181392 
   30.400    17.217458     0.161155     0.009632      3179310 
   30.500    16.379991     0.153123     0.009182      3178023 
   30.600    15.891142     0.149102     0.008919      3166376 
   30.700    17.021523     0.159319     0.009560      3156991 
   30.800    17.767716     0.166980     0.009986      3152800 
   30.900    15.985447     0.150011     0.008997      3144069 
   31.000    19.725506     0.185652     0.011108      3139185 
   31.100    16.498424     0.155255     0.009294      3143050 
   31.200    15.525246     0.146500     0.008760      3129241 
   31.300    15.988031     0.150581     0.009029      3120602 
   31.400    19.075653     0.180169     0.010778      3117583 
   31.500    17.875333     0.168282     0.010101      3116586 
   31.600    17.910988     0.168988     0.010118      3110538 
   31.700    17.747337     0.167972     0.010047      3102346 
   31.800    12.620356     0.119007     0.007139      3107931 
   31.900    11.984687     0.113113     0.006783      3104726 
   32.000    12.398668     0.117374     0.007030      3095642 
   32.100    15.092062     0.142522     0.008575      3087271 
   32.200    17.030109     0.160924     0.009672      3076819 
   32.300    11.320583     0.106854     0.006429      3078132 
   32.400    19.360057     0.182123     0.011000      3072608 
   32.500    19.281574     0.181738     0.010971      3071732 
   32.600    13.963320     0.132318     0.007935      3071677 
   32.700    16.206598     0.153585     0.009227      3071857 
   32.800    18.371908     0.173820     0.010472      3066916 
   32.900    17.464537     0.165236     0.009933      3065866 
   33.000    20.800938     0.196891     0.011834      3066718 
   33.100    20.827774     0.197817     0.011885      3060796 
   33.200    18.815476     0.179298     0.010727      3060209 
   33.300    19.535000     0.186964     0.011126      3063607 
   33.400    16.480471     0.156893     0.009377      3078212 
   33.500    15.472745     0.147282     0.008814      3073264 
   33.600    17.103949     0.162681     0.009737      3071938 
   33.700    17.405089     0.165947     0.009931      3056850 
   33.800    15.716752     0.150053     0.008986      3049073 
   33.900    13.204313     0.126423     0.007553      3037929 
   34.000    15.205857     0.145233     0.008684      3046661 
   34.100    15.312939     0.146285     0.008748      3043596 
   34.200    13.703685     0.131108     0.007832      3035825 
   34.300    16.979363     0.162661     0.009727      3032025 
   34.400     9.094623     0.087254     0.005219      3022789 
   34.500    16.187876     0.155075     0.009291      3016085 
   34.600    12.476380     0.119738     0.007166      3009546 
   34.700    13.037858     0.125321     0.007483      3019715 
   34.800    13.547356     0.130140     0.007773      3019885 
   34.900    11.984995     0.115078     0.006888      3015708 
   35.000     9.029213     0.086875     0.005179      3021599 
   35.100    10.014481     0.096143     0.005728      3029209 
   35.200     7.542342     0.072538     0.004327      3013845 
   35.300     8.550527     0.082292     0.004922      3002686 
   35.400     7.373726     0.070860     0.004245      3000275 
   35.500     8.668061     0.083472     0.004987      3004110 
   35.600     9.079259     0.087641     0.005224      2997826 
   35.700     5.804038     0.056053     0.003338      3010392 
   35.800     9.464912     0.091518     0.005448      3003131 
   35.900    10.914184     0.105454     0.006284      2992923 
   36.000    13.067090     0.126210     0.007531      2986073 
   36.100    10.106394     0.097748     0.005821      2988411 
   36.200     9.342075     0.090557     0.005390      2981281 
   36.300     8.290471     0.080376     0.004785      2980937 
   36.400    10.360551     0.100412     0.005984      2982631 
   36.500    11.939214     0.115722     0.006904      2979200 
   36.600    13.042828     0.126469     0.007528      2984301 
   36.700    11.767611     0.114192     0.006807      2967974 
   36.800    14.165509     0.137036     0.008217      2957150 
   36.900    13.226597     0.128387     0.007659      2959409 
   37.000     6.986805     0.067609     0.004046      2956284 
   37.100     7.588928     0.073668     0.004393      2956798 
   37.200     6.212692     0.060303     0.003604      2951338 
   37.300     6.731810     0.065397     0.003909      2942179 
   37.400     3.759697     0.036615     0.002187      2933405 
   37.500     8.684215     0.084913     0.005065      2927202 
   37.600    13.542381     0.131967     0.007890      2925605 
   37.700    12.235203     0.119214     0.007142      2920511 
   37.800    11.188549     0.108916     0.006523      2922954 
   37.900    13.505996     0.130999     0.007874      2926789 
   38.000     9.570322     0.092981     0.005585      2922917 
   38.100    12.088290     0.117351     0.007045      2921456 
   38.200    14.345369     0.139764     0.008371      2922999 
   38.300    17.029497     0.166394     0.009935      2910827 
   38.400    14.788459     0.143952     0.008647      2905857 
   38.500    13.081727     0.126997     0.007646      2908429 
   38.600     8.413489     0.082069     0.004910      2907542 
   38.700     7.063375     0.068788     0.004125      2903527 
   38.800     9.274863     0.090540     0.005415      2904649 
   38.900    11.386906     0.110951     0.006672      2891583 
   39.000     5.416978     0.052784     0.003179      2887649 
   39.100     7.387993     0.072325     0.004339      2881270 
   39.200    11.174311     0.109207     0.006566      2878901 
   39.300    13.291477     0.130288     0.007807      2879351 
   39.400    13.293761     0.130465     0.007807      2880570 
   39.500    10.625535     0.104497     0.006260      2868599 
   39.600     4.152788     0.040871     0.002444      2869696 
   39.700     7.536797     0.074379     0.004445      2864907 
   39.800     3.997231     0.039315     0.002355      2860961 
   39.900    10.097514     0.099250     0.005957      2854632 
   40.000     9.809361     0.096764     0.005794      2845214 
   40.100     7.875599     0.077949     0.004660      2840222 
   40.200     7.416987     0.073225     0.004382      2841135 
   40.300     7.830362     0.077349     0.004634      2836364 
   40.400     8.022903     0.079001     0.004753      2833833 
   40.500     5.360823     0.052885     0.003178      2827429 
   40.600     9.233813     0.090885     0.005466      2829694 
   40.700    13.804584     0.136717     0.008196      2817219 
   40.800    14.568500     0.144485     0.008649      2817366 
   40.900    11.944020     0.118693     0.007104      2807629 
   41.000     7.976958     0.078960     0.004743      2809607 
   41.100     8.556788     0.084903     0.005090      2808663 
   41.200    10.515775     0.104390     0.006260      2806160 
   41.300    10.742518     0.106834     0.006401      2802335 
   41.400    10.220022     0.101335     0.006083      2801264 
   41.500    11.633511     0.115316     0.006924      2800207 
   41.600    11.263455     0.112029     0.006717      2794328 
   41.700    13.209331     0.131822     0.007874      2795102 
   41.800     8.767404     0.087722     0.005228      2790580 
   41.900     7.054841     0.070270     0.004208      2791601 
   42.000     8.771119     0.087419     0.005231      2790352 
   42.100    15.284015     0.152816     0.009109      2786364 
   42.200    14.849000     0.148080     0.008874      2784180 
   42.300    10.114968     0.101049     0.006033      2789850 
   42.400    12.829592     0.128492     0.007681      2776260 
   42.500    12.182264     0.121572     0.007280      2777389 
   42.600    11.207681     0.111590     0.006698      2777700 
   42.700    10.796124     0.108028     0.006466      2767358 
   42.800     8.066273     0.080799     0.004836      2765788 
   42.900     6.853692     0.068959     0.004110      2758293 
   43.000     6.300621     0.063346     0.003775      2763668 
   43.100     7.314503     0.073407     0.004385      2762688 
   43.200    11.247801     0.113035     0.006752      2760757 
   43.300     6.849012     0.068704     0.004102      2766627 
   43.400     6.018943     0.060331     0.003602      2771978 
   43.500     7.692573     0.077380     0.004618      2764750 
   43.600     8.425055     0.084504     0.005051      2769232 
   43.700    10.563195     0.106191     0.006333      2758677 
   43.800    13.220250     0.133043     0.007923      2757516 
   43.900     7.898560     0.079778     0.004746      2754107 
   44.000     7.292793     0.073399     0.004378      2754728 
   44.100    13.004785     0.130941     0.007801      2754386 
   44.200    10.461974     0.105300     0.006302      2745760 
   44.300     5.958302     0.059786     0.003590      2741006 
   44.400     9.482124     0.095390     0.005710      2742942 
   44.500     7.187381     0.072443     0.004339      2728332 
   44.600    10.400400     0.105145     0.006282      2728573 
   44.700    11.768209     0.119319     0.007108      2716851 
   44.800     6.002370     0.060651     0.003623      2725645 
   44.900     8.683820     0.087968     0.005252      2716075 
   45.000     6.315435     0.063973     0.003812      2717857 
   45.100     4.519928     0.045632     0.002728      2717445 
   45.200     4.998802     0.050436     0.003025      2710227 
   45.300     4.388616     0.044293     0.002658      2706874 
   45.400     5.442258     0.055070     0.003297      2704009 
   45.500     7.427955     0.075104     0.004511      2702082 
   45.600     6.457085     0.065114     0.003919      2704911 
   45.700     8.086772     0.081577     0.004909      2700849 
   45.800     8.280539     0.083977     0.005023      2703705 
   45.900     7.398317     0.075162     0.004492      2700769 
   46.000     4.574260     0.046346     0.002772      2710322 
   46.100     8.896502     0.089955     0.005387      2710378 
   46.200     8.326988     0.084192     0.005042      2709142 
   46.300     9.055389     0.091749     0.005490      2705997 
   46.400     9.867093     0.100015     0.005974      2710959 
   46.500     2.227041     0.022652     0.001349      2713473 
   46.600     5.549819     0.056555     0.003359      2705015 
   46.700     8.560854     0.087019     0.005196      2698205 
   46.800     6.682018     0.067982     0.004067      2687816 
   46.900     9.112609     0.092901     0.005542      2692903 
   47.000     8.479377     0.086363     0.005144      2698906 
   47.100     5.252675     0.053498     0.003198      2687942 
   47.200     4.310381     0.043810     0.002621      2695629 
   47.300     5.600946     0.056994     0.003414      2688714 
   47.400     3.771180     0.038310     0.002293      2692095 
   47.500     2.517472     0.025708     0.001536      2680099 
   47.600     3.547271     0.036321     0.002164      2676945 
   47.700     0.281960     0.002897     0.000172      2676770 
   47.800     2.151340     0.022050     0.001312      2679877 
   47.900     2.466284     0.025350     0.001508      2666532 
   48.000     2.168409     0.022207     0.001325      2664472 
   48.100     6.842384     0.070254     0.004169      2668099 
   48.200     7.825645     0.080251     0.004767      2672118 
   48.300     4.663993     0.048028     0.002849      2664346 
   48.400     1.211451     0.012473     0.000742      2660382 
   48.500     3.604041     0.036987     0.002207      2655829 
   48.600     3.872232     0.039776     0.002377      2650680 
   48.700     1.686184     0.017281     0.001034      2646083 
   48.800     3.034974     0.031117     0.001867      2632789 
   48.900     4.712413     0.048228     0.002896      2636185 
   49.000     4.735176     0.048212     0.002906      2643038 
   49.100     9.821228     0.100508     0.006025      2642678 
   49.200     5.648483     0.057947     0.003470      2638225 
   49.300     6.336983     0.065055     0.003891      2641546 
   49.400     3.174767     0.032608     0.001946      2644880 
   49.500    -1.400763    -0.014382    -0.000859      2646351 
   49.600     5.752730     0.058873     0.003531      2645206 
   49.700     1.883152     0.019319     0.001156      2645070 
   49.800     4.771839     0.049062     0.002937      2636843 
   49.900     7.431697     0.076671     0.004574      2631048 
   50.000    10.081615     0.104176     0.006217      2620466 
   50.100     7.416235     0.076598     0.004574      2623780 
   50.200     5.554826     0.057535     0.003419      2622495 
   50.300     3.773823     0.038900     0.002323      2630936 
   50.400    -0.009286    -0.000096    -0.000006      2624418 
   50.500    -0.015160    -0.000157    -0.000009      2616718 
   50.600     8.361421     0.086769     0.005157      2618170 
   50.700     2.859328     0.029705     0.001764      2618168 
   50.800     4.001685     0.041529     0.002467      2625007 
   50.900     4.582058     0.047333     0.002828      2623330 
   51.000     1.337957     0.013865     0.000825      2617090 
   51.100    -0.370963    -0.003841    -0.000229      2610524 
   51.200     0.085455     0.000885     0.000053      2619515 
   51.300     2.813374     0.029059     0.001736      2618162 
   51.400     2.340907     0.024242     0.001445      2610903 
   51.500     2.360088     0.024471     0.001458      2605256 
   51.600    -0.917503    -0.009538    -0.000569      2591244 
   51.700    -3.034461    -0.031512    -0.001882      2589828 
   51.800     0.493325     0.005131     0.000306      2591291 
   51.900    -3.308660    -0.034373    -0.002051      2593968 
   52.000    -4.793257    -0.049652    -0.002971      2598644 
   52.100    -4.927441    -0.051048    -0.003043      2609861 
   52.200    -4.627206    -0.047994    -0.002864      2602212 
   52.300    -4.391686    -0.045423    -0.002726      2596615 
   52.400    -1.930475    -0.020032    -0.001198      2592791 
   52.500    -8.746503    -0.091029    -0.005432      2585054 
   52.600    -8.688648    -0.090430    -0.005398      2583443 
   52.700    -3.461339    -0.036072    -0.002150      2583870 
   52.800    -4.789458    -0.050065    -0.002974      2578959 
   52.900    -2.884209    -0.030073    -0.001790      2577628 
   53.000    -6.028509    -0.062761    -0.003746      2566970 
   53.100    -2.462191    -0.025651    -0.001532      2570057 
   53.200     0.536423     0.005594     0.000334      2568880 
   53.300    -2.646621    -0.027614    -0.001647      2562621 
   53.400    -2.804340    -0.029251    -0.001747      2560581 
   53.500    -0.690635    -0.007227    -0.000431      2556626 
   53.600    -3.008282    -0.031483    -0.001879      2547633 
   53.700    -1.818028    -0.019059    -0.001136      2553157 
   53.800     0.765508     0.008009     0.000478      2553621 
   53.900     1.827782     0.019123     0.001142      2543196 
   54.000     0.181031     0.001900     0.000113      2541337 
   54.100     0.605187     0.006356     0.000379      2540320 
   54.200     0.659618     0.006930     0.000414      2527116 
   54.300    -0.568876    -0.005982    -0.000357      2526333 
   54.400    -0.852540    -0.008994    -0.000535      2530281 
   54.500     6.266389     0.065964     0.003941      2527666 
   54.600     2.321568     0.024482     0.001457      2526230 
   54.700     1.886645     0.019875     0.001184      2524094 
   54.800     2.066965     0.021869     0.001299      2522737 
   54.900     5.343112     0.056188     0.003354      2526629 
   55.000     2.701295     0.028437     0.001693      2527656 
   55.100     1.311463     0.013788     0.000824      2521138 
   55.200    -3.140474    -0.033138    -0.001975      2502897 
   55.300    -2.411637    -0.025477    -0.001519      2499192 
   55.400     4.010105     0.042484     0.002531      2496231 
   55.500     3.305653     0.034971     0.002088      2497308 
   55.600     3.474326     0.036795     0.002191      2493618 
   55.700     1.676140     0.017783     0.001056      2493851 
   55.800     5.638025     0.059820     0.003551      2498229 
   55.900     9.225472     0.097723     0.005829      2491274 
   56.000     8.478329     0.090122     0.005361      2484887 
   56.100     1.344726     0.014308     0.000852      2477563 
   56.200    -0.154320    -0.001638    -0.000098      2479264 
   56.300    -2.761923    -0.029226    -0.001752      2471306 
   56.400     3.036057     0.032153     0.001931      2466119 
   56.500     3.441567     0.036399     0.002185      2466895 
   56.600     4.869507     0.051556     0.003090      2466479 
   56.700    -1.607826    -0.017024    -0.001020      2469095 
   56.800     2.747317     0.029173     0.001742      2464886 
   56.900     6.433793     0.068531     0.004091      2461386 
   57.000     2.565838     0.027413     0.001630      2462735 
   57.100     5.928078     0.063397     0.003773      2453374 
   57.200     3.283102     0.034992     0.002087      2454571 
   57.300    -0.406707    -0.004323    -0.000259      2453510 
   57.400     2.200325     0.023447     0.001401      2448527 
   57.500     4.469321     0.047693     0.002850      2439504 
   57.600     1.028544     0.010930     0.000656      2435315 
   57.700    -2.466949    -0.026357    -0.001580      2430097 
   57.800     1.627636     0.017370     0.001041      2431679 
   57.900    -1.179783    -0.012652    -0.000755      2431289 
   58.000     4.862649     0.052073     0.003117      2425771 
   58.100     6.003310     0.063788     0.003849      2420180 
   58.200     0.773159     0.008231     0.000496      2414331 
   58.300     2.172392     0.023160     0.001394      2414231 
   58.400    -0.454003    -0.004831    -0.000291      2420639 
   58.500    -0.263010    -0.002806    -0.000168      2423941 
   58.600     1.204332     0.012884     0.000773      2427540 
   58.700     4.019265     0.043049     0.002579      2424003 
   58.800     4.813313     0.051390     0.003078      2425313 
   58.900    -0.707385    -0.007525    -0.000453      2413830 
   59.000     4.584106     0.049002     0.002951      2409959 
   59.100     4.611111     0.049371     0.002968      2405119 
   59.200     2.068551     0.022149     0.001332      2402404 
   59.300     3.212959     0.034474     0.002071      2399486 
   59.400     1.851458     0.019895     0.001190      2407123 
   59.500     2.657830     0.028660     0.001711      2403151 
   59.600     2.932089     0.031630     0.001887      2398677 
   59.700     0.693135     0.007487     0.000448      2381673 
   59.800    -0.450710    -0.004866    -0.000291      2379822 
   59.900    -3.227109    -0.034827    -0.002090      2374451 
   60.000    -0.862012    -0.009324    -0.000558      2368625 
   60.100     1.059407     0.011517     0.000687      2364283 
   60.200    -1.148892    -0.012467    -0.000744      2366636 
   60.300    -2.087666    -0.022701    -0.001354      2360653 
   60.400     1.202211     0.013036     0.000780      2366162 
   60.500    -1.081203    -0.011715    -0.000701      2363070 
   60.600    -1.628225    -0.017611    -0.001057      2363327 
   60.700    -6.342285    -0.068719    -0.004120      2360548 
   60.800    -1.769152    -0.019183    -0.001147      2360005 
   60.900    -3.680487    -0.040077    -0.002394      2352560 
   61.000    -8.381075    -0.091043    -0.005446      2358714 
   61.100    -7.392019    -0.080546    -0.004808      2351091 
   61.200    -5.409336    -0.059038    -0.003521      2347864 
   61.300    -8.419734    -0.092149    -0.005484      2343382 
   61.400    -5.804345    -0.063614    -0.003774      2348956 
   61.500    -5.912468    -0.064798    -0.003851      2345847 
   61.600   -10.164239    -0.111401    -0.006629      2345793 
   61.700    -7.473737    -0.081735    -0.004862      2345003 
   61.800    -8.848435    -0.097101    -0.005771      2335318 
   61.900    -7.490750    -0.081806    -0.004893      2337941 
   62.000    -5.032436    -0.055067    -0.003288      2336094 
   62.100    -5.890436    -0.064452    -0.003851      2335738 
   62.200   -10.987809    -0.120287    -0.007172      2338466 
   62.300   -10.648785    -0.116596    -0.006971      2327710 
   62.400    -8.278043    -0.090711    -0.005425      2326238 
   62.500    -4.597868    -0.050479    -0.003014      2321262 
   62.600    -8.458283    -0.092943    -0.005541      2319851 
   62.700    -6.219571    -0.068621    -0.004087      2312097 
   62.800    -5.877789    -0.064845    -0.003864      2310329 
   62.900    -6.320573    -0.069843    -0.004155      2307882 
   63.000    -5.796499    -0.063965    -0.003805      2309915 
   63.100     1.096925     0.012128     0.000721      2310341 
   63.200    -1.692263    -0.018676    -0.001110      2308613 
   63.300    -2.867172    -0.031616    -0.001884      2309244 
   63.400    -6.491841    -0.071566    -0.004267      2301437 
   63.500    -2.978739    -0.032746    -0.001957      2301966 
   63.600    -5.547534    -0.061028    -0.003653      2298853 
   63.700    -9.582170    -0.105589    -0.006306      2300598 
   63.800    -7.635577    -0.084384    -0.005022      2300562 
   63.900    -2.949541    -0.032587    -0.001943      2290155 
   64.000    -5.854485    -0.064529    -0.003861      2287624 
   64.100    -7.052906    -0.078141    -0.004654      2278353 
   64.200    -6.557641    -0.072806    -0.004327      2279226 
   64.300    -8.306863    -0.092455    -0.005493      2279161 
   64.400   -12.349103    -0.137104    -0.008165      2277984 
   64.500   -15.050623    -0.167383    -0.009949      2271431 
   64.600   -10.604842    -0.118210    -0.007007      2276072 
   64.700    -9.018172    -0.100472    -0.005958      2275081 
   64.800    -8.094961    -0.090143    -0.005350      2273623 
   64.900    -6.657554    -0.074011    -0.004404      2266502 
   65.000    -9.987055    -0.111183    -0.006623      2268472 
   65.100    -7.814151    -0.087393    -0.005174      2267724 
   65.200    -6.390090    -0.071550    -0.004239      2268299 
   65.300    -4.891304    -0.054595    -0.003245      2268763 
   65.400    -3.362048    -0.037716    -0.002233      2259074 
   65.500    -7.606132    -0.085307    -0.005054      2254758 
   65.600    -7.922634    -0.088741    -0.005271      2252001 
   65.700    -1.536202    -0.017226    -0.001023      2249661 
   65.800    -3.905536    -0.043756    -0.002596      2250411 
   65.900    -3.568258    -0.040171    -0.002381      2241769 
   66.000    -3.163533    -0.035603    -0.002108      2238090 
   66.100    -1.709188    -0.019276    -0.001143      2222619 
   66.200    -6.654121    -0.074741    -0.004443      2227011 
   66.300    -7.924431    -0.089137    -0.005300      2219897 
   66.400    -8.268978    -0.092451    -0.005543      2216113 
   66.500    -3.218974    -0.036160    -0.002160      2214367 
   66.600    -6.687867    -0.075021    -0.004491      2213355 
   66.700    -1.772531    -0.019892    -0.001191      2207609 
   66.800    -4.599634    -0.051820    -0.003079      2214910 
   66.900   -10.414902    -0.117380    -0.006980      2212635 
   67.000    -7.109261    -0.080269    -0.004769      2210611 
   67.100    -5.673317    -0.064403    -0.003814      2203206 
   67.200    -7.835020    -0.088778    -0.005269      2192294 
   67.300    -8.764228    -0.099496    -0.005922      2182783 
   67.400    -5.406537    -0.061316    -0.003645      2184713 
   67.500    -2.798819    -0.031784    -0.001887      2182543 
   67.600    -1.969547    -0.022445    -0.001328      2188905 
   67.700    -3.780902    -0.042951    -0.002543      2186961 
   67.800    -0.922300    -0.010532    -0.000622      2179254 
   67.900    -3.728711    -0.042601    -0.002517      2177177 
   68.000     0.171901     0.001960     0.000116      2174020 
   68.100    -2.073319    -0.023722    -0.001401      2171634 
   68.200    -0.000984    -0.000011    -0.000001      2172036 
   68.300    -2.406654    -0.027360    -0.001630      2171565 
   68.400    -1.299451    -0.014791    -0.000880      2170391 
   68.500    -4.846116    -0.055356    -0.003281      2171934 
   68.600    -5.927125    -0.067708    -0.004010      2172755 
   68.700    -5.833027    -0.066576    -0.003951      2160248 
   68.800    -1.186531    -0.013585    -0.000804      2156912 
   68.900    -0.233305    -0.002663    -0.000159      2156069 
   69.000    -3.736869    -0.042697    -0.002538      2159946 
   69.100    -2.545704    -0.029217    -0.001726      2163617 
   69.200    -4.960545    -0.056813    -0.003364      2164552 
   69.300    -6.579850    -0.075268    -0.004471      2159183 
   69.400    -0.822978    -0.009452    -0.000561      2152605 
   69.500    -2.706839    -0.031124    -0.001844      2143943 
   69.600    -6.760496    -0.077251    -0.004601      2141237 
   69.700    -8.189896    -0.093846    -0.005585      2137428 
   69.800    -2.853229    -0.032924    -0.001947      2131132 
   69.900    -3.106429    -0.035931    -0.002119      2129373 
   70.000    -4.676178    -0.053796    -0.003197      2129745 
   70.100    -4.810436    -0.055507    -0.003292      2123262 
   70.200    -5.399876    -0.062162    -0.003703      2122128 
   70.300    -3.511837    -0.040405    -0.002407      2123176 
   70.400     0.206079     0.002377     0.000141      2117056 
   70.500     0.158155     0.001826     0.000108      2122155 
   70.600     1.968823     0.022786     0.001351      2114791 
   70.700    -0.828115    -0.009576    -0.000569      2109950 
   70.800    -0.695308    -0.008031    -0.000478      2110833 
   70.900    -1.569197    -0.018071    -0.001080      2106635 
   71.000    -6.834312    -0.078823    -0.004688      2106798 
   71.100    -4.419565    -0.051139    -0.003047      2103904 
   71.200    -4.557024    -0.052890    -0.003140      2095602 
   71.300    -3.193934    -0.037076    -0.002206      2091510 
   71.400    -0.273034    -0.003170    -0.000188      2091699 
   71.500    -1.834298    -0.021342    -0.001267      2083854 
   71.600     1.700675     0.019819     0.001176      2082747 
   71.700     4.578128     0.053520     0.003173      2073316 
   71.800     6.729502     0.078627     0.004667      2070316 
   71.900     5.314212     0.061598     0.003679      2072471 
   72.000     0.780998     0.009112     0.000542      2068737 
   72.100     2.265623     0.026499     0.001570      2067817 
   72.200     3.898753     0.045712     0.002707      2064645 
   72.300     6.302310     0.073806     0.004381      2061323 
   72.400     2.042182     0.023874     0.001420      2057535 
   72.500     5.162444     0.060331     0.003594      2049436 
   72.600     6.183839     0.072738     0.004311      2045381 
   72.700     0.140046     0.001653     0.000098      2035772 
   72.800     7.167215     0.084559     0.005023      2034208 
   72.900     4.957433     0.058681     0.003478      2027434 
   73.000     5.953269     0.070351     0.004163      2034682 
   73.100     4.608639     0.054314     0.003228      2031293 
   73.200     8.409473     0.099540     0.005895      2033284 
   73.300     3.801883     0.045008     0.002664      2024053 
   73.400     1.586182     0.018771     0.001117      2021340 
   73.500    -1.113859    -0.013255    -0.000784      2013086 
   73.600     3.551249     0.042386     0.002497      2012440 
   73.700     2.737346     0.032363     0.001921      2017875 
   73.800     4.353925     0.051520     0.003057      2019391 
   73.900     8.845473     0.104678     0.006205      2017294 
   74.000     4.600099     0.054603     0.003233      2005214 
   74.100     4.690649     0.055477     0.003297      2007971 
   74.200     5.427921     0.064261     0.003824      2006559 
   74.300     5.726326     0.067902     0.004033      1998752 
   74.400     4.320130     0.051505     0.003043      2001128 
   74.500     4.571991     0.054686     0.003225      1996183 
   74.600     2.351760     0.028000     0.001660      1994536 
   74.700     4.160087     0.049850     0.002942      1989101 
   74.800     5.132242     0.061337     0.003627      1988084 
   74.900     3.085945     0.036915     0.002183      1980493 
   75.000     3.976054     0.047654     0.002816      1972927 
   75.100     5.373657     0.064650     0.003823      1964294 
   75.200     7.604089     0.091669     0.005420      1961949 
   75.300     6.164325     0.074018     0.004383      1966871 
   75.400     5.305673     0.063601     0.003784      1960199 
   75.500     3.072294     0.037090     0.002191      1955879 
   75.600     3.100262     0.037377     0.002212      1952466 
   75.700     4.349007     0.052394     0.003104      1953669 
   75.800     5.450554     0.065628     0.003887      1956100 
   75.900     5.605058     0.067417     0.004006      1951088 
   76.000     3.355872     0.040565     0.002399      1948042 
   76.100     5.580747     0.067340     0.003983      1947810 
   76.200     9.370911     0.113480     0.006716      1939370 
   76.300    -1.196569    -0.014537    -0.000856      1937736 
   76.400     5.131635     0.062349     0.003685      1928038 
   76.500     4.296864     0.052119     0.003086      1929130 
   76.600     1.964950     0.023780     0.001412      1923930 
   76.700     4.893647     0.059277     0.003531      1910466 
   76.800     8.114830     0.098431     0.005844      1913612 
   76.900     6.198259     0.074898     0.004467      1913071 
   77.000    11.363279     0.137965     0.008197      1907401 
   77.100     3.819846     0.046565     0.002755      1906661 
   77.200     9.307443     0.113424     0.006724      1895403 
   77.300    10.626475     0.128883     0.007687      1902436 
   77.400     4.851060     0.059074     0.003507      1898355 
   77.500     7.715737     0.093834     0.005579      1899767 
   77.600     6.643635     0.081044     0.004804      1894086 
   77.700     7.863304     0.096271     0.005705      1890861 
   77.800     8.549496     0.104811     0.006212      1884279 
   77.900     7.667284     0.093903     0.005573      1882180 
   78.000     8.762786     0.107435     0.006365      1883148 
   78.100     4.103711     0.050473     0.002979      1878261 
   78.200     7.107615     0.087698     0.005164      1873591 
   78.300     9.469326     0.116688     0.006898      1868544 
   78.400     3.845951     0.047430     0.002794      1867889 
   78.500     1.604447     0.019786     0.001168      1867124 
   78.600    -0.099020    -0.001216    -0.000072      1865204 
   78.700     6.526305     0.080564     0.004768      1862590 
   78.800     5.967022     0.073716     0.004368      1852079 
   78.900     4.292086     0.053555     0.003161      1840683 
   79.000     2.092286     0.026057     0.001537      1840309 
   79.100     7.552953     0.093725     0.005530      1843784 
   79.200     4.410329     0.054840     0.003245      1833872 
   79.300     6.715191     0.083680     0.004949      1831292 
   79.400     7.573050     0.094325     0.005596      1827149 
   79.500     2.208301     0.027502     0.001633      1818936 
   79.600     3.102931     0.038801     0.002297      1814874 
   79.700     3.754968     0.047013     0.002780      1810099 
   79.800     1.487508     0.018648     0.001106      1802803 
   79.900     4.773673     0.060196     0.003552      1800433 
   80.000     5.260697     0.066345     0.003926      1791637 
   80.100     7.143170     0.090002     0.005339      1785878 
   80.200     6.121683     0.077074     0.004578      1781788 
   80.300     3.872008     0.048754     0.002894      1782918 
   80.400     6.409212     0.080622     0.004772      1791238 
   80.500     5.961067     0.075129     0.004442      1786941 
   80.600     8.610561     0.108694     0.006420      1789012 
   80.700     1.606806     0.020244     0.001199      1789069 
   80.800     6.660534     0.083909     0.004970      1783763 
   80.900     3.340056     0.042210     0.002495      1778528 
   81.000     2.889975     0.036501     0.002164      1775811 
   81.100    -2.946600    -0.037221    -0.002203      1782209 
   81.200     5.369643     0.068128     0.004029      1766819 
   81.300     6.509377     0.082619     0.004904      1763720 
   81.400     6.645227     0.084265     0.005009      1759988 
   81.500     9.367032     0.119024     0.007057      1755688 
   81.600     8.063729     0.102617     0.006064      1748443 
   81.700     6.827468     0.087076     0.005165      1742139 
   81.800     9.064225     0.115789     0.006856      1741350 
   81.900     8.942573     0.113951     0.006761      1740124 
   82.000     5.520069     0.070532     0.004185      1731867 
   82.100     8.882267     0.113866     0.006727      1729754 
   82.200     5.309092     0.068012     0.004018      1729618 
   82.300    10.632642     0.136288     0.008057      1724577 
   82.400     9.592263     0.122934     0.007281      1723060 
   82.500     9.936235     0.127295     0.007552      1721874 
   82.600    10.464068     0.134076     0.007938      1725293 
   82.700     7.717979     0.099133     0.005862      1722253 
   82.800     5.182583     0.066368     0.003944      1717578 
   82.900     8.855754     0.113391     0.006742      1719551 
   83.000     3.571302     0.045635     0.002713      1718545 
   83.100     4.068811     0.051817     0.003089      1721637 
   83.200     6.265604     0.079987     0.004770      1718835 
   83.300     6.052969     0.077258     0.004610      1713366 
   83.400     4.422773     0.056728     0.003371      1710057 
   83.500     4.696147     0.060494     0.003586      1706231 
   83.600     6.793292     0.087224     0.005189      1702924 
   83.700     6.342960     0.081382     0.004859      1699430 
   83.800     5.850927     0.075468     0.004482      1694158 
   83.900     5.116130     0.065784     0.003912      1694504 
   84.000     2.836014     0.036398     0.002166      1700789 
   84.100     4.898987     0.062894     0.003749      1697398 
   84.200     5.972055     0.076674     0.004558      1703709 
   84.300    11.335744     0.145528     0.008657      1701927 
   84.400     7.763482     0.099776     0.005952      1692018 
   84.500     7.607172     0.097946     0.005838      1686616 
   84.600     7.357082     0.095059     0.005641      1689293 
   84.700     9.814218     0.126786     0.007554      1680044 
   84.800     4.792633     0.061608     0.003686      1678976 
   84.900     2.253834     0.028955     0.001732      1681597 
   85.000     3.124512     0.040306     0.002406      1680198 
   85.100     5.151433     0.066541     0.003973      1673636 
   85.200     5.612844     0.072754     0.004336      1667184 
   85.300     4.994642     0.064842     0.003853      1666005 
   85.400     9.290918     0.121099     0.007161      1666592 
   85.500     8.226008     0.106471     0.006340      1663608 
   85.600     4.712559     0.060751     0.003636      1670123 
   85.700     8.734377     0.112960     0.006739      1666830 
   85.800     8.005165     0.103537     0.006156      1672670 
   85.900     5.590908     0.072349     0.004305      1666564 
   86.000     5.496305     0.071491     0.004234      1666200 
   86.100     5.910968     0.076997     0.004568      1666468 
   86.200     5.522352     0.071856     0.004265      1665404 
   86.300     6.120766     0.079895     0.004731      1655734 
   86.400     9.867275     0.128564     0.007652      1654464 
   86.500     9.262746     0.121369     0.007186      1651830 
   86.600     7.028321     0.091911     0.005447      1654784 
   86.700    11.670826     0.152502     0.009050      1652994 
   86.800     7.914705     0.103780     0.006147      1650413 
   86.900     7.942404     0.104242     0.006187      1639441 
   87.000     9.103022     0.119207     0.007089      1639539 
   87.100     7.107376     0.093204     0.005525      1649392 
   87.200    11.774645     0.155047     0.009139      1647005 
   87.300     9.314033     0.123022     0.007210      1651273 
   87.400     8.754739     0.115261     0.006775      1652580 
   87.500    11.895214     0.156685     0.009222      1648948 
   87.600    13.001895     0.171470     0.010103      1643923 
   87.700    11.727212     0.153992     0.009127      1641158 
   87.800    10.424379     0.136565     0.008100      1647095 
   87.900     9.233037     0.120483     0.007154      1650822 
   88.000     9.075762     0.119071     0.007055      1641000 
   88.100    10.330862     0.136130     0.008042      1641058 
   88.200     8.644105     0.113670     0.006722      1639080 
   88.300     8.929341     0.117711     0.006966      1636114 
   88.400     8.509775     0.111997     0.006641      1633227 
   88.500     9.044721     0.119201     0.007050      1630482 
   88.600     9.143552     0.120436     0.007131      1631101 
   88.700     5.900963     0.077631     0.004615      1630558 
   88.800     4.462063     0.058642     0.003483      1632733 
   88.900     9.684550     0.127603     0.007563      1632998 
   89.000     8.800803     0.115694     0.006881      1630228 
   89.100    11.360351     0.149395     0.008889      1625246 
   89.200     9.388846     0.123452     0.007355      1617990 
   89.300    12.401080     0.163664     0.009771      1608486 
   89.400    11.454741     0.151732     0.008998      1611770 
   89.500    12.595799     0.166501     0.009904      1615549 
   89.600    14.529077     0.191958     0.011399      1612437 
   89.700    14.905719     0.196639     0.011688      1613085 
   89.800    12.390617     0.163294     0.009724      1610081 
   89.900     6.258119     0.082411     0.004928      1606893 
   90.000     9.831430     0.130217     0.007740      1599470 
   90.100    10.413427     0.138310     0.008191      1600958 
   90.200     5.677606     0.075390     0.004473      1601946 
   90.300     9.612968     0.128300     0.007571      1597661 
   90.400    11.534026     0.154193     0.009072      1599662 
   90.500     8.141580     0.108608     0.006429      1594686 
   90.600     7.154083     0.095449     0.005653      1596900 
   90.700     7.829133     0.104354     0.006193      1594205 
   90.800     9.373068     0.124475     0.007411      1594049 
   90.900     9.834937     0.130585     0.007762      1596094 
   91.000     8.866881     0.118074     0.007005      1592088 
   91.100     7.692552     0.102388     0.006077      1589122 
   91.200     5.355237     0.071442     0.004246      1582659 
   91.300     7.046371     0.094206     0.005574      1578837 
   91.400     6.109741     0.081492     0.004846      1577735 
   91.500     8.466270     0.112976     0.006713      1579313 
   91.600    10.757122     0.143272     0.008520      1580822 
   91.700     7.074263     0.094309     0.005610      1580251 
   91.800     5.490758     0.073175     0.004341      1586937 
   91.900     5.144614     0.068634     0.004066      1585346 
   92.000     4.256460     0.056883     0.003379      1575962 
   92.100     4.166525     0.055744     0.003306      1578442 
   92.200     8.446334     0.113096     0.006709      1576886 
   92.300    10.099079     0.135418     0.007997      1581239 
   92.400     8.641391     0.115271     0.006847      1582189 
   92.500     9.268502     0.123974     0.007363      1575654 
   92.600    11.009505     0.147549     0.008747      1576905 
   92.700     8.439294     0.113203     0.006677      1582200 
   92.800     4.818083     0.064561     0.003813      1586548 
   92.900     6.008834     0.080759     0.004776      1577558 
   93.000     6.497655     0.087069     0.005151      1581425 
   93.100     8.603554     0.115476     0.006810      1583836 
   93.200    14.492627     0.193372     0.011488      1578229 
   93.300    13.615794     0.182054     0.010815      1571564 
   93.400    11.320418     0.151255     0.009022      1570235 
   93.500     8.444799     0.113342     0.006721      1567190 
   93.600    10.508844     0.141542     0.008343      1573732 
   93.700    10.251593     0.138914     0.008166      1565284 
   93.800    12.634283     0.170384     0.010079      1567125 
   93.900    12.020431     0.162714     0.009633      1553813 
   94.000    10.179951     0.136987     0.008121      1564099 
   94.100    12.668549     0.171304     0.010116      1559119 
   94.200     9.938390     0.134810     0.007955      1559915 
   94.300    10.087318     0.137083     0.008066      1555210 
   94.400     9.805491     0.132916     0.007853      1552795 
   94.500     6.646621     0.089885     0.005315      1553590 
   94.600     9.927352     0.133414     0.007934      1553468 
   94.700     7.718150     0.103621     0.006166      1560466 
   94.800     8.957528     0.120473     0.007141      1563584 
   94.900    11.372354     0.153409     0.009070      1557797 
   95.000     8.997464     0.121097     0.007169      1561722 
   95.100     9.470613     0.128333     0.007571      1556301 
   95.200     8.861512     0.119852     0.007089      1549645 
   95.300    11.833620     0.159788     0.009467      1552073 
   95.400     8.902041     0.120347     0.007103      1555209 
   95.500     8.653107     0.116887     0.006900      1558492 
   95.600     4.759437     0.064572     0.003792      1554689 
   95.700     5.581540     0.075636     0.004457      1552681 
   95.800     7.837513     0.106581     0.006284      1548294 
   95.900     7.702408     0.104732     0.006160      1550533 
   96.000     8.589489     0.115892     0.006862      1554633 
   96.100     9.244309     0.124762     0.007381      1551550 
   96.200    10.462211     0.141201     0.008369      1554378 
   96.300     9.077764     0.122312     0.007269      1551195 
   96.400     5.444662     0.073239     0.004353      1552751 
   96.500     7.979667     0.107892     0.006397      1542851 
   96.600     7.194342     0.097252     0.005773      1544043 
   96.700     5.990870     0.081273     0.004807      1542938 
   96.800     6.695596     0.090512     0.005362      1543874 
   96.900     7.847216     0.106562     0.006298      1542395 
   97.000    10.112291     0.137369     0.008112      1537220 
   97.100    11.542798     0.157098     0.009280      1537280 
   97.200    10.505585     0.143210     0.008459      1537604 
   97.300     9.513788     0.129515     0.007625      1540687 
   97.400     8.891317     0.121474     0.007148      1532474 
   97.500     8.157976     0.110753     0.006554      1534062 
   97.600    12.529680     0.169465     0.010083      1533499 
   97.700     8.525256     0.115770     0.006853      1538760 
   97.800    12.187516     0.166219     0.009803      1532864 
   97.900    12.064347     0.163840     0.009687      1532976 
   98.000     9.198880     0.124721     0.007371      1540884 
   98.100     7.810248     0.105753     0.006259      1541068 
   98.200     3.352603     0.045361     0.002685      1542858 
   98.300     6.634163     0.090073     0.005314      1540179 
   98.400     7.602703     0.103513     0.006112      1537265 
   98.500     6.192957     0.084602     0.004972      1538270 
   98.600     8.042611     0.110222     0.006455      1535784 
   98.700     2.224467     0.030448     0.001788      1540268 
   98.800     4.651752     0.063212     0.003743      1534749 
   98.900     6.268070     0.085423     0.005045      1532339 
   99.000     4.358355     0.059573     0.003511      1531941 
   99.100     2.811082     0.038309     0.002258      1535572 
   99.200     5.931032     0.080876     0.004777      1532144 
   99.300     5.519778     0.075244     0.004434      1533560 
   99.400    11.093726     0.151119     0.008917      1534579 
   99.500     8.282477     0.112536     0.006675      1535797 
   99.600     9.018025     0.122506     0.007282      1529615 
   99.700     5.974811     0.081168     0.004813      1533739 
   99.800     3.861307     0.052661     0.003115      1533426 
   99.900     2.471142     0.033886     0.001992      1526352 
  100.000     7.640705     0.104311     0.006161      1533129 
